<?xml version="1.0" encoding="UTF-8"?>
<testng-results ignored="22" total="45" passed="18" failed="5" skipped="0">
  <reporter-output>
  </reporter-output>
  <suite started-at="2023-01-08T22:07:56 IST" name="Surefire suite" finished-at="2023-01-08T22:12:23 IST" duration-ms="267350">
    <groups>
    </groups>
    <test started-at="2023-01-08T22:07:56 IST" name="Surefire test" finished-at="2023-01-08T22:12:23 IST" duration-ms="267350">
      <class name="Flipkart.Flipkart.Test_2HomeTest">
        <test-method is-config="true" signature="launchurl(java.lang.reflect.Method)[pri:0, instance:Flipkart.Flipkart.Test_2HomeTest@47987356]" started-at="2023-01-08T22:10:32 IST" name="launchurl" finished-at="2023-01-08T22:10:33 IST" duration-ms="1698" status="PASS">
          <params>
            <param index="0">
              <value>
                <![CDATA[public void Flipkart.Flipkart.Test_2HomeTest.Xyz() throws java.lang.InterruptedException]]>
              </value>
            </param>
          </params>
          <reporter-output>
          </reporter-output>
        </test-method> <!-- launchurl -->
        <test-method signature="Xyz()[pri:0, instance:Flipkart.Flipkart.Test_2HomeTest@47987356]" started-at="2023-01-08T22:10:33 IST" name="Xyz" finished-at="2023-01-08T22:10:34 IST" duration-ms="317" status="PASS">
          <reporter-output>
          </reporter-output>
        </test-method> <!-- Xyz -->
        <test-method is-config="true" signature="CloseBrowser(org.testng.ITestResult)[pri:0, instance:Flipkart.Flipkart.Test_2HomeTest@47987356]" started-at="2023-01-08T22:10:34 IST" name="CloseBrowser" finished-at="2023-01-08T22:10:34 IST" duration-ms="1" status="PASS">
          <params>
            <param index="0">
              <value>
                <![CDATA[[TestResult name=Xyz status=SUCCESS method=Test_2HomeTest.Xyz()[pri:0, instance:Flipkart.Flipkart.Test_2HomeTest@47987356] output={null}]]]>
              </value>
            </param>
          </params>
          <reporter-output>
          </reporter-output>
        </test-method> <!-- CloseBrowser -->
      </class> <!-- Flipkart.Flipkart.Test_2HomeTest -->
      <class name="Flipkart.Flipkart.TestHeader">
        <test-method is-config="true" signature="launchurl(java.lang.reflect.Method)[pri:0, instance:Flipkart.Flipkart.TestHeader@169e6180]" started-at="2023-01-08T22:09:02 IST" name="launchurl" finished-at="2023-01-08T22:09:04 IST" duration-ms="1713" status="PASS">
          <params>
            <param index="0">
              <value>
                <![CDATA[public void Flipkart.Flipkart.TestHeader.HeaderTest() throws java.lang.InterruptedException]]>
              </value>
            </param>
          </params>
          <reporter-output>
          </reporter-output>
        </test-method> <!-- launchurl -->
        <test-method signature="HeaderTest()[pri:1, instance:Flipkart.Flipkart.TestHeader@169e6180]" started-at="2023-01-08T22:09:04 IST" name="HeaderTest" finished-at="2023-01-08T22:09:08 IST" duration-ms="4295" status="PASS">
          <reporter-output>
          </reporter-output>
        </test-method> <!-- HeaderTest -->
        <test-method is-config="true" signature="CloseBrowser(org.testng.ITestResult)[pri:0, instance:Flipkart.Flipkart.TestHeader@169e6180]" started-at="2023-01-08T22:09:08 IST" name="CloseBrowser" finished-at="2023-01-08T22:09:08 IST" duration-ms="0" status="PASS">
          <params>
            <param index="0">
              <value>
                <![CDATA[[TestResult name=HeaderTest status=SUCCESS method=TestHeader.HeaderTest()[pri:1, instance:Flipkart.Flipkart.TestHeader@169e6180] output={null}]]]>
              </value>
            </param>
          </params>
          <reporter-output>
          </reporter-output>
        </test-method> <!-- CloseBrowser -->
        <test-method is-config="true" signature="launchurl(java.lang.reflect.Method)[pri:0, instance:Flipkart.Flipkart.TestHeader@169e6180]" started-at="2023-01-08T22:09:08 IST" name="launchurl" finished-at="2023-01-08T22:09:09 IST" duration-ms="1083" status="PASS">
          <params>
            <param index="0">
              <value>
                <![CDATA[public void Flipkart.Flipkart.TestHeader.electronic() throws java.lang.InterruptedException]]>
              </value>
            </param>
          </params>
          <reporter-output>
          </reporter-output>
        </test-method> <!-- launchurl -->
        <test-method signature="electronic()[pri:2, instance:Flipkart.Flipkart.TestHeader@169e6180]" started-at="2023-01-08T22:09:09 IST" name="electronic" finished-at="2023-01-08T22:09:21 IST" duration-ms="12330" status="PASS">
          <reporter-output>
          </reporter-output>
        </test-method> <!-- electronic -->
        <test-method is-config="true" signature="CloseBrowser(org.testng.ITestResult)[pri:0, instance:Flipkart.Flipkart.TestHeader@169e6180]" started-at="2023-01-08T22:09:21 IST" name="CloseBrowser" finished-at="2023-01-08T22:09:21 IST" duration-ms="0" status="PASS">
          <params>
            <param index="0">
              <value>
                <![CDATA[[TestResult name=electronic status=SUCCESS method=TestHeader.electronic()[pri:2, instance:Flipkart.Flipkart.TestHeader@169e6180] output={null}]]]>
              </value>
            </param>
          </params>
          <reporter-output>
          </reporter-output>
        </test-method> <!-- CloseBrowser -->
        <test-method is-config="true" signature="launchurl(java.lang.reflect.Method)[pri:0, instance:Flipkart.Flipkart.TestHeader@169e6180]" started-at="2023-01-08T22:09:21 IST" name="launchurl" finished-at="2023-01-08T22:09:22 IST" duration-ms="987" status="PASS">
          <params>
            <param index="0">
              <value>
                <![CDATA[public void Flipkart.Flipkart.TestHeader.offer() throws java.lang.InterruptedException]]>
              </value>
            </param>
          </params>
          <reporter-output>
          </reporter-output>
        </test-method> <!-- launchurl -->
        <test-method signature="offer()[pri:3, instance:Flipkart.Flipkart.TestHeader@169e6180]" started-at="2023-01-08T22:09:22 IST" name="offer" finished-at="2023-01-08T22:09:30 IST" duration-ms="8130" status="PASS">
          <reporter-output>
          </reporter-output>
        </test-method> <!-- offer -->
        <test-method is-config="true" signature="CloseBrowser(org.testng.ITestResult)[pri:0, instance:Flipkart.Flipkart.TestHeader@169e6180]" started-at="2023-01-08T22:09:30 IST" name="CloseBrowser" finished-at="2023-01-08T22:09:30 IST" duration-ms="1" status="PASS">
          <params>
            <param index="0">
              <value>
                <![CDATA[[TestResult name=offer status=SUCCESS method=TestHeader.offer()[pri:3, instance:Flipkart.Flipkart.TestHeader@169e6180] output={null}]]]>
              </value>
            </param>
          </params>
          <reporter-output>
          </reporter-output>
        </test-method> <!-- CloseBrowser -->
        <test-method is-config="true" signature="launchurl(java.lang.reflect.Method)[pri:0, instance:Flipkart.Flipkart.TestHeader@169e6180]" started-at="2023-01-08T22:09:30 IST" name="launchurl" finished-at="2023-01-08T22:09:32 IST" duration-ms="1361" status="PASS">
          <params>
            <param index="0">
              <value>
                <![CDATA[public void Flipkart.Flipkart.TestHeader.beauty() throws java.lang.InterruptedException]]>
              </value>
            </param>
          </params>
          <reporter-output>
          </reporter-output>
        </test-method> <!-- launchurl -->
        <test-method signature="beauty()[pri:4, instance:Flipkart.Flipkart.TestHeader@169e6180]" started-at="2023-01-08T22:09:32 IST" name="beauty" finished-at="2023-01-08T22:09:36 IST" duration-ms="4380" status="PASS">
          <reporter-output>
          </reporter-output>
        </test-method> <!-- beauty -->
        <test-method is-config="true" signature="CloseBrowser(org.testng.ITestResult)[pri:0, instance:Flipkart.Flipkart.TestHeader@169e6180]" started-at="2023-01-08T22:09:36 IST" name="CloseBrowser" finished-at="2023-01-08T22:09:36 IST" duration-ms="1" status="PASS">
          <params>
            <param index="0">
              <value>
                <![CDATA[[TestResult name=beauty status=SUCCESS method=TestHeader.beauty()[pri:4, instance:Flipkart.Flipkart.TestHeader@169e6180] output={null}]]]>
              </value>
            </param>
          </params>
          <reporter-output>
          </reporter-output>
        </test-method> <!-- CloseBrowser -->
        <test-method is-config="true" signature="launchurl(java.lang.reflect.Method)[pri:0, instance:Flipkart.Flipkart.TestHeader@169e6180]" started-at="2023-01-08T22:09:36 IST" name="launchurl" finished-at="2023-01-08T22:09:37 IST" duration-ms="1260" status="PASS">
          <params>
            <param index="0">
              <value>
                <![CDATA[public void Flipkart.Flipkart.TestHeader.TwoWhellers() throws java.lang.InterruptedException]]>
              </value>
            </param>
          </params>
          <reporter-output>
          </reporter-output>
        </test-method> <!-- launchurl -->
        <test-method signature="TwoWhellers()[pri:5, instance:Flipkart.Flipkart.TestHeader@169e6180]" started-at="2023-01-08T22:09:37 IST" name="TwoWhellers" finished-at="2023-01-08T22:09:43 IST" duration-ms="5156" status="PASS">
          <reporter-output>
          </reporter-output>
        </test-method> <!-- TwoWhellers -->
        <test-method is-config="true" signature="CloseBrowser(org.testng.ITestResult)[pri:0, instance:Flipkart.Flipkart.TestHeader@169e6180]" started-at="2023-01-08T22:09:43 IST" name="CloseBrowser" finished-at="2023-01-08T22:09:43 IST" duration-ms="1" status="PASS">
          <params>
            <param index="0">
              <value>
                <![CDATA[[TestResult name=TwoWhellers status=SUCCESS method=TestHeader.TwoWhellers()[pri:5, instance:Flipkart.Flipkart.TestHeader@169e6180] output={null}]]]>
              </value>
            </param>
          </params>
          <reporter-output>
          </reporter-output>
        </test-method> <!-- CloseBrowser -->
        <test-method is-config="true" signature="launchurl(java.lang.reflect.Method)[pri:0, instance:Flipkart.Flipkart.TestHeader@169e6180]" started-at="2023-01-08T22:09:43 IST" name="launchurl" finished-at="2023-01-08T22:09:44 IST" duration-ms="1350" status="PASS">
          <params>
            <param index="0">
              <value>
                <![CDATA[public void Flipkart.Flipkart.TestHeader.BecameSeller() throws java.lang.InterruptedException]]>
              </value>
            </param>
          </params>
          <reporter-output>
          </reporter-output>
        </test-method> <!-- launchurl -->
        <test-method signature="BecameSeller()[pri:6, instance:Flipkart.Flipkart.TestHeader@169e6180]" started-at="2023-01-08T22:09:44 IST" name="BecameSeller" finished-at="2023-01-08T22:10:13 IST" duration-ms="28770" status="FAIL">
          <exception class="org.openqa.selenium.NoSuchElementException">
            <message>
              <![CDATA[no such element: Unable to locate element: {"method":"xpath","selector":"//body/div[@id='app-container']/div[1]/div[1]/div[1]/form[1]/div[1]/div[3]/div[2]/input[1]"}
  (Session info: headless chrome=108.0.5359.125)
For documentation on this error, please visit: https://selenium.dev/exceptions/#no_such_element
Build info: version: '4.4.0', revision: 'e5c75ed026a'
System info: host: 'IN-PG02NM6E', ip: '192.168.1.5', os.name: 'Windows 10', os.arch: 'amd64', os.version: '10.0', java.version: '11.0.5'
Driver info: org.openqa.selenium.chrome.ChromeDriver
Command: [6d131f068096e607888886d4c4748f9c, findElement {using=xpath, value=//body/div[@id='app-container']/div[1]/div[1]/div[1]/form[1]/div[1]/div[3]/div[2]/input[1]}]
Capabilities {acceptInsecureCerts: false, browserName: chrome, browserVersion: 108.0.5359.125, chrome: {chromedriverVersion: 108.0.5359.71 (1e0e3868ee06..., userDataDir: C:\Users\RISHAB~1\AppData\L...}, goog:chromeOptions: {debuggerAddress: localhost:64287}, networkConnectionEnabled: false, pageLoadStrategy: normal, platformName: WINDOWS, proxy: Proxy(), se:cdp: ws://localhost:64287/devtoo..., se:cdpVersion: 108.0.5359.125, setWindowRect: true, strictFileInteractability: false, timeouts: {implicit: 0, pageLoad: 300000, script: 30000}, unhandledPromptBehavior: dismiss and notify, webauthn:extension:credBlob: true, webauthn:extension:largeBlob: true, webauthn:virtualAuthenticators: true}
Session ID: 6d131f068096e607888886d4c4748f9c]]>
            </message>
            <full-stacktrace>
              <![CDATA[org.openqa.selenium.NoSuchElementException: no such element: Unable to locate element: {"method":"xpath","selector":"//body/div[@id='app-container']/div[1]/div[1]/div[1]/form[1]/div[1]/div[3]/div[2]/input[1]"}
  (Session info: headless chrome=108.0.5359.125)
For documentation on this error, please visit: https://selenium.dev/exceptions/#no_such_element
Build info: version: '4.4.0', revision: 'e5c75ed026a'
System info: host: 'IN-PG02NM6E', ip: '192.168.1.5', os.name: 'Windows 10', os.arch: 'amd64', os.version: '10.0', java.version: '11.0.5'
Driver info: org.openqa.selenium.chrome.ChromeDriver
Command: [6d131f068096e607888886d4c4748f9c, findElement {using=xpath, value=//body/div[@id='app-container']/div[1]/div[1]/div[1]/form[1]/div[1]/div[3]/div[2]/input[1]}]
Capabilities {acceptInsecureCerts: false, browserName: chrome, browserVersion: 108.0.5359.125, chrome: {chromedriverVersion: 108.0.5359.71 (1e0e3868ee06..., userDataDir: C:\Users\RISHAB~1\AppData\L...}, goog:chromeOptions: {debuggerAddress: localhost:64287}, networkConnectionEnabled: false, pageLoadStrategy: normal, platformName: WINDOWS, proxy: Proxy(), se:cdp: ws://localhost:64287/devtoo..., se:cdpVersion: 108.0.5359.125, setWindowRect: true, strictFileInteractability: false, timeouts: {implicit: 0, pageLoad: 300000, script: 30000}, unhandledPromptBehavior: dismiss and notify, webauthn:extension:credBlob: true, webauthn:extension:largeBlob: true, webauthn:virtualAuthenticators: true}
Session ID: 6d131f068096e607888886d4c4748f9c
at java.base/jdk.internal.reflect.NativeConstructorAccessorImpl.newInstance0(Native Method)
at java.base/jdk.internal.reflect.NativeConstructorAccessorImpl.newInstance(NativeConstructorAccessorImpl.java:62)
at java.base/jdk.internal.reflect.DelegatingConstructorAccessorImpl.newInstance(DelegatingConstructorAccessorImpl.java:45)
at java.base/java.lang.reflect.Constructor.newInstance(Constructor.java:490)
at org.openqa.selenium.remote.codec.w3c.W3CHttpResponseCodec.createException(W3CHttpResponseCodec.java:200)
at org.openqa.selenium.remote.codec.w3c.W3CHttpResponseCodec.decode(W3CHttpResponseCodec.java:133)
at org.openqa.selenium.remote.codec.w3c.W3CHttpResponseCodec.decode(W3CHttpResponseCodec.java:53)
at org.openqa.selenium.remote.HttpCommandExecutor.execute(HttpCommandExecutor.java:184)
at org.openqa.selenium.remote.service.DriverCommandExecutor.invokeExecute(DriverCommandExecutor.java:167)
at org.openqa.selenium.remote.service.DriverCommandExecutor.execute(DriverCommandExecutor.java:142)
at org.openqa.selenium.remote.RemoteWebDriver.execute(RemoteWebDriver.java:547)
at org.openqa.selenium.remote.ElementLocation$ElementFinder$2.findElement(ElementLocation.java:162)
at org.openqa.selenium.remote.ElementLocation.findElement(ElementLocation.java:60)
at org.openqa.selenium.remote.RemoteWebDriver.findElement(RemoteWebDriver.java:365)
at org.openqa.selenium.remote.RemoteWebDriver.findElement(RemoteWebDriver.java:357)
at org.openqa.selenium.support.pagefactory.DefaultElementLocator.findElement(DefaultElementLocator.java:70)
at org.openqa.selenium.support.pagefactory.internal.LocatingElementHandler.invoke(LocatingElementHandler.java:39)
at com.sun.proxy.$Proxy16.sendKeys(Unknown Source)
at model.Header.click_sellerEmail(Header.java:115)
at Flipkart.Flipkart.TestHeader.BecameSeller(TestHeader.java:82)
at java.base/jdk.internal.reflect.NativeMethodAccessorImpl.invoke0(Native Method)
at java.base/jdk.internal.reflect.NativeMethodAccessorImpl.invoke(NativeMethodAccessorImpl.java:62)
at java.base/jdk.internal.reflect.DelegatingMethodAccessorImpl.invoke(DelegatingMethodAccessorImpl.java:43)
at java.base/java.lang.reflect.Method.invoke(Method.java:566)
at org.testng.internal.invokers.MethodInvocationHelper.invokeMethod(MethodInvocationHelper.java:139)
at org.testng.internal.invokers.TestInvoker.invokeMethod(TestInvoker.java:677)
at org.testng.internal.invokers.TestInvoker.invokeTestMethod(TestInvoker.java:221)
at org.testng.internal.invokers.MethodRunner.runInSequence(MethodRunner.java:50)
at org.testng.internal.invokers.TestInvoker$MethodInvocationAgent.invoke(TestInvoker.java:962)
at org.testng.internal.invokers.TestInvoker.invokeTestMethods(TestInvoker.java:194)
at org.testng.internal.invokers.TestMethodWorker.invokeTestMethods(TestMethodWorker.java:148)
at org.testng.internal.invokers.TestMethodWorker.run(TestMethodWorker.java:128)
at java.base/java.util.ArrayList.forEach(ArrayList.java:1540)
at org.testng.TestRunner.privateRun(TestRunner.java:806)
at org.testng.TestRunner.run(TestRunner.java:601)
at org.testng.SuiteRunner.runTest(SuiteRunner.java:433)
at org.testng.SuiteRunner.runSequentially(SuiteRunner.java:427)
at org.testng.SuiteRunner.privateRun(SuiteRunner.java:387)
at org.testng.SuiteRunner.run(SuiteRunner.java:330)
at org.testng.SuiteRunnerWorker.runSuite(SuiteRunnerWorker.java:52)
at org.testng.SuiteRunnerWorker.run(SuiteRunnerWorker.java:95)
at org.testng.TestNG.runSuitesSequentially(TestNG.java:1256)
at org.testng.TestNG.runSuitesLocally(TestNG.java:1176)
at org.testng.TestNG.runSuites(TestNG.java:1099)
at org.testng.TestNG.run(TestNG.java:1067)
at org.apache.maven.surefire.testng.TestNGExecutor.run(TestNGExecutor.java:135)
at org.apache.maven.surefire.testng.TestNGDirectoryTestSuite.executeMulti(TestNGDirectoryTestSuite.java:193)
at org.apache.maven.surefire.testng.TestNGDirectoryTestSuite.execute(TestNGDirectoryTestSuite.java:94)
at org.apache.maven.surefire.testng.TestNGProvider.invoke(TestNGProvider.java:146)
at org.apache.maven.surefire.booter.ForkedBooter.invokeProviderInSameClassLoader(ForkedBooter.java:384)
at org.apache.maven.surefire.booter.ForkedBooter.runSuitesInProcess(ForkedBooter.java:345)
at org.apache.maven.surefire.booter.ForkedBooter.execute(ForkedBooter.java:126)
at org.apache.maven.surefire.booter.ForkedBooter.main(ForkedBooter.java:418)
]]>
            </full-stacktrace>
          </exception> <!-- org.openqa.selenium.NoSuchElementException -->
          <reporter-output>
          </reporter-output>
        </test-method> <!-- BecameSeller -->
        <test-method is-config="true" signature="CloseBrowser(org.testng.ITestResult)[pri:0, instance:Flipkart.Flipkart.TestHeader@169e6180]" started-at="2023-01-08T22:10:13 IST" name="CloseBrowser" finished-at="2023-01-08T22:10:13 IST" duration-ms="137" status="PASS">
          <params>
            <param index="0">
              <value>
                <![CDATA[[TestResult name=BecameSeller status=FAILURE method=TestHeader.BecameSeller()[pri:6, instance:Flipkart.Flipkart.TestHeader@169e6180] output={null}]]]>
              </value>
            </param>
          </params>
          <reporter-output>
          </reporter-output>
        </test-method> <!-- CloseBrowser -->
      </class> <!-- Flipkart.Flipkart.TestHeader -->
      <class name="Flipkart.Flipkart.Test_6Grocery">
        <test-method is-config="true" signature="launchurl(java.lang.reflect.Method)[pri:0, instance:Flipkart.Flipkart.Test_6Grocery@6283d8b8]" started-at="2023-01-08T22:10:44 IST" name="launchurl" finished-at="2023-01-08T22:10:45 IST" duration-ms="1326" status="PASS">
          <params>
            <param index="0">
              <value>
                <![CDATA[public void Flipkart.Flipkart.Test_6Grocery.Groc() throws java.lang.InterruptedException]]>
              </value>
            </param>
          </params>
          <reporter-output>
          </reporter-output>
        </test-method> <!-- launchurl -->
        <test-method signature="Groc()[pri:0, instance:Flipkart.Flipkart.Test_6Grocery@6283d8b8]" started-at="2023-01-08T22:10:45 IST" name="Groc" finished-at="2023-01-08T22:11:02 IST" duration-ms="16207" status="FAIL">
          <exception class="org.openqa.selenium.NoSuchElementException">
            <message>
              <![CDATA[no such element: Unable to locate element: {"method":"xpath","selector":"//*[@id="container"]/div/div[4]/div[5]/div/div/div/div/div[1]/div/div[1]/div/div[2]/div/button/span"}
  (Session info: headless chrome=108.0.5359.125)
For documentation on this error, please visit: https://selenium.dev/exceptions/#no_such_element
Build info: version: '4.4.0', revision: 'e5c75ed026a'
System info: host: 'IN-PG02NM6E', ip: '192.168.1.5', os.name: 'Windows 10', os.arch: 'amd64', os.version: '10.0', java.version: '11.0.5'
Driver info: org.openqa.selenium.chrome.ChromeDriver
Command: [6d131f068096e607888886d4c4748f9c, findElement {using=xpath, value=//*[@id="container"]/div/div[4]/div[5]/div/div/div/div/div[1]/div/div[1]/div/div[2]/div/button/span}]
Capabilities {acceptInsecureCerts: false, browserName: chrome, browserVersion: 108.0.5359.125, chrome: {chromedriverVersion: 108.0.5359.71 (1e0e3868ee06..., userDataDir: C:\Users\RISHAB~1\AppData\L...}, goog:chromeOptions: {debuggerAddress: localhost:64287}, networkConnectionEnabled: false, pageLoadStrategy: normal, platformName: WINDOWS, proxy: Proxy(), se:cdp: ws://localhost:64287/devtoo..., se:cdpVersion: 108.0.5359.125, setWindowRect: true, strictFileInteractability: false, timeouts: {implicit: 0, pageLoad: 300000, script: 30000}, unhandledPromptBehavior: dismiss and notify, webauthn:extension:credBlob: true, webauthn:extension:largeBlob: true, webauthn:virtualAuthenticators: true}
Session ID: 6d131f068096e607888886d4c4748f9c]]>
            </message>
            <full-stacktrace>
              <![CDATA[org.openqa.selenium.NoSuchElementException: no such element: Unable to locate element: {"method":"xpath","selector":"//*[@id="container"]/div/div[4]/div[5]/div/div/div/div/div[1]/div/div[1]/div/div[2]/div/button/span"}
  (Session info: headless chrome=108.0.5359.125)
For documentation on this error, please visit: https://selenium.dev/exceptions/#no_such_element
Build info: version: '4.4.0', revision: 'e5c75ed026a'
System info: host: 'IN-PG02NM6E', ip: '192.168.1.5', os.name: 'Windows 10', os.arch: 'amd64', os.version: '10.0', java.version: '11.0.5'
Driver info: org.openqa.selenium.chrome.ChromeDriver
Command: [6d131f068096e607888886d4c4748f9c, findElement {using=xpath, value=//*[@id="container"]/div/div[4]/div[5]/div/div/div/div/div[1]/div/div[1]/div/div[2]/div/button/span}]
Capabilities {acceptInsecureCerts: false, browserName: chrome, browserVersion: 108.0.5359.125, chrome: {chromedriverVersion: 108.0.5359.71 (1e0e3868ee06..., userDataDir: C:\Users\RISHAB~1\AppData\L...}, goog:chromeOptions: {debuggerAddress: localhost:64287}, networkConnectionEnabled: false, pageLoadStrategy: normal, platformName: WINDOWS, proxy: Proxy(), se:cdp: ws://localhost:64287/devtoo..., se:cdpVersion: 108.0.5359.125, setWindowRect: true, strictFileInteractability: false, timeouts: {implicit: 0, pageLoad: 300000, script: 30000}, unhandledPromptBehavior: dismiss and notify, webauthn:extension:credBlob: true, webauthn:extension:largeBlob: true, webauthn:virtualAuthenticators: true}
Session ID: 6d131f068096e607888886d4c4748f9c
at java.base/jdk.internal.reflect.NativeConstructorAccessorImpl.newInstance0(Native Method)
at java.base/jdk.internal.reflect.NativeConstructorAccessorImpl.newInstance(NativeConstructorAccessorImpl.java:62)
at java.base/jdk.internal.reflect.DelegatingConstructorAccessorImpl.newInstance(DelegatingConstructorAccessorImpl.java:45)
at java.base/java.lang.reflect.Constructor.newInstance(Constructor.java:490)
at org.openqa.selenium.remote.codec.w3c.W3CHttpResponseCodec.createException(W3CHttpResponseCodec.java:200)
at org.openqa.selenium.remote.codec.w3c.W3CHttpResponseCodec.decode(W3CHttpResponseCodec.java:133)
at org.openqa.selenium.remote.codec.w3c.W3CHttpResponseCodec.decode(W3CHttpResponseCodec.java:53)
at org.openqa.selenium.remote.HttpCommandExecutor.execute(HttpCommandExecutor.java:184)
at org.openqa.selenium.remote.service.DriverCommandExecutor.invokeExecute(DriverCommandExecutor.java:167)
at org.openqa.selenium.remote.service.DriverCommandExecutor.execute(DriverCommandExecutor.java:142)
at org.openqa.selenium.remote.RemoteWebDriver.execute(RemoteWebDriver.java:547)
at org.openqa.selenium.remote.ElementLocation$ElementFinder$2.findElement(ElementLocation.java:162)
at org.openqa.selenium.remote.ElementLocation.findElement(ElementLocation.java:60)
at org.openqa.selenium.remote.RemoteWebDriver.findElement(RemoteWebDriver.java:365)
at org.openqa.selenium.remote.RemoteWebDriver.findElement(RemoteWebDriver.java:357)
at org.openqa.selenium.support.pagefactory.DefaultElementLocator.findElement(DefaultElementLocator.java:70)
at org.openqa.selenium.support.pagefactory.internal.LocatingElementHandler.invoke(LocatingElementHandler.java:39)
at com.sun.proxy.$Proxy16.click(Unknown Source)
at model.Groceryheader.enteritemclick(Groceryheader.java:65)
at Flipkart.Flipkart.Test_6Grocery.Groc(Test_6Grocery.java:27)
at java.base/jdk.internal.reflect.NativeMethodAccessorImpl.invoke0(Native Method)
at java.base/jdk.internal.reflect.NativeMethodAccessorImpl.invoke(NativeMethodAccessorImpl.java:62)
at java.base/jdk.internal.reflect.DelegatingMethodAccessorImpl.invoke(DelegatingMethodAccessorImpl.java:43)
at java.base/java.lang.reflect.Method.invoke(Method.java:566)
at org.testng.internal.invokers.MethodInvocationHelper.invokeMethod(MethodInvocationHelper.java:139)
at org.testng.internal.invokers.TestInvoker.invokeMethod(TestInvoker.java:677)
at org.testng.internal.invokers.TestInvoker.invokeTestMethod(TestInvoker.java:221)
at org.testng.internal.invokers.MethodRunner.runInSequence(MethodRunner.java:50)
at org.testng.internal.invokers.TestInvoker$MethodInvocationAgent.invoke(TestInvoker.java:962)
at org.testng.internal.invokers.TestInvoker.invokeTestMethods(TestInvoker.java:194)
at org.testng.internal.invokers.TestMethodWorker.invokeTestMethods(TestMethodWorker.java:148)
at org.testng.internal.invokers.TestMethodWorker.run(TestMethodWorker.java:128)
at java.base/java.util.ArrayList.forEach(ArrayList.java:1540)
at org.testng.TestRunner.privateRun(TestRunner.java:806)
at org.testng.TestRunner.run(TestRunner.java:601)
at org.testng.SuiteRunner.runTest(SuiteRunner.java:433)
at org.testng.SuiteRunner.runSequentially(SuiteRunner.java:427)
at org.testng.SuiteRunner.privateRun(SuiteRunner.java:387)
at org.testng.SuiteRunner.run(SuiteRunner.java:330)
at org.testng.SuiteRunnerWorker.runSuite(SuiteRunnerWorker.java:52)
at org.testng.SuiteRunnerWorker.run(SuiteRunnerWorker.java:95)
at org.testng.TestNG.runSuitesSequentially(TestNG.java:1256)
at org.testng.TestNG.runSuitesLocally(TestNG.java:1176)
at org.testng.TestNG.runSuites(TestNG.java:1099)
at org.testng.TestNG.run(TestNG.java:1067)
at org.apache.maven.surefire.testng.TestNGExecutor.run(TestNGExecutor.java:135)
at org.apache.maven.surefire.testng.TestNGDirectoryTestSuite.executeMulti(TestNGDirectoryTestSuite.java:193)
at org.apache.maven.surefire.testng.TestNGDirectoryTestSuite.execute(TestNGDirectoryTestSuite.java:94)
at org.apache.maven.surefire.testng.TestNGProvider.invoke(TestNGProvider.java:146)
at org.apache.maven.surefire.booter.ForkedBooter.invokeProviderInSameClassLoader(ForkedBooter.java:384)
at org.apache.maven.surefire.booter.ForkedBooter.runSuitesInProcess(ForkedBooter.java:345)
at org.apache.maven.surefire.booter.ForkedBooter.execute(ForkedBooter.java:126)
at org.apache.maven.surefire.booter.ForkedBooter.main(ForkedBooter.java:418)
]]>
            </full-stacktrace>
          </exception> <!-- org.openqa.selenium.NoSuchElementException -->
          <reporter-output>
          </reporter-output>
        </test-method> <!-- Groc -->
        <test-method is-config="true" signature="CloseBrowser(org.testng.ITestResult)[pri:0, instance:Flipkart.Flipkart.Test_6Grocery@6283d8b8]" started-at="2023-01-08T22:11:02 IST" name="CloseBrowser" finished-at="2023-01-08T22:11:02 IST" duration-ms="63" status="PASS">
          <params>
            <param index="0">
              <value>
                <![CDATA[[TestResult name=Groc status=FAILURE method=Test_6Grocery.Groc()[pri:0, instance:Flipkart.Flipkart.Test_6Grocery@6283d8b8] output={null}]]]>
              </value>
            </param>
          </params>
          <reporter-output>
          </reporter-output>
        </test-method> <!-- CloseBrowser -->
      </class> <!-- Flipkart.Flipkart.Test_6Grocery -->
      <class name="Flipkart.Flipkart.Test_cases">
        <test-method is-config="true" signature="launchurl(java.lang.reflect.Method)[pri:0, instance:Flipkart.Flipkart.Test_cases@48f278eb]" started-at="2023-01-08T22:12:16 IST" name="launchurl" finished-at="2023-01-08T22:12:17 IST" duration-ms="1222" status="PASS">
          <params>
            <param index="0">
              <value>
                <![CDATA[public void Flipkart.Flipkart.Test_cases.cases() throws java.lang.InterruptedException]]>
              </value>
            </param>
          </params>
          <reporter-output>
          </reporter-output>
        </test-method> <!-- launchurl -->
        <test-method signature="cases()[pri:1, instance:Flipkart.Flipkart.Test_cases@48f278eb]" started-at="2023-01-08T22:12:17 IST" name="cases" finished-at="2023-01-08T22:12:20 IST" duration-ms="3092" status="FAIL">
          <exception class="org.openqa.selenium.ElementNotInteractableException">
            <message>
              <![CDATA[element not interactable
  (Session info: headless chrome=108.0.5359.125)
Build info: version: '4.4.0', revision: 'e5c75ed026a'
System info: host: 'IN-PG02NM6E', ip: '192.168.1.5', os.name: 'Windows 10', os.arch: 'amd64', os.version: '10.0', java.version: '11.0.5'
Driver info: org.openqa.selenium.chrome.ChromeDriver
Command: [6d131f068096e607888886d4c4748f9c, clickElement {id=565af0d5-af61-4263-af0e-d944e10e19b7}]
Capabilities {acceptInsecureCerts: false, browserName: chrome, browserVersion: 108.0.5359.125, chrome: {chromedriverVersion: 108.0.5359.71 (1e0e3868ee06..., userDataDir: C:\Users\RISHAB~1\AppData\L...}, goog:chromeOptions: {debuggerAddress: localhost:64287}, networkConnectionEnabled: false, pageLoadStrategy: normal, platformName: WINDOWS, proxy: Proxy(), se:cdp: ws://localhost:64287/devtoo..., se:cdpVersion: 108.0.5359.125, setWindowRect: true, strictFileInteractability: false, timeouts: {implicit: 0, pageLoad: 300000, script: 30000}, unhandledPromptBehavior: dismiss and notify, webauthn:extension:credBlob: true, webauthn:extension:largeBlob: true, webauthn:virtualAuthenticators: true}
Element: [[ChromeDriver: chrome on WINDOWS (6d131f068096e607888886d4c4748f9c)] -> xpath: //*[@id="container"]/div/footer/div/div[3]/div[1]/div[1]/a[7]]
Session ID: 6d131f068096e607888886d4c4748f9c]]>
            </message>
            <full-stacktrace>
              <![CDATA[org.openqa.selenium.ElementNotInteractableException: element not interactable
  (Session info: headless chrome=108.0.5359.125)
Build info: version: '4.4.0', revision: 'e5c75ed026a'
System info: host: 'IN-PG02NM6E', ip: '192.168.1.5', os.name: 'Windows 10', os.arch: 'amd64', os.version: '10.0', java.version: '11.0.5'
Driver info: org.openqa.selenium.chrome.ChromeDriver
Command: [6d131f068096e607888886d4c4748f9c, clickElement {id=565af0d5-af61-4263-af0e-d944e10e19b7}]
Capabilities {acceptInsecureCerts: false, browserName: chrome, browserVersion: 108.0.5359.125, chrome: {chromedriverVersion: 108.0.5359.71 (1e0e3868ee06..., userDataDir: C:\Users\RISHAB~1\AppData\L...}, goog:chromeOptions: {debuggerAddress: localhost:64287}, networkConnectionEnabled: false, pageLoadStrategy: normal, platformName: WINDOWS, proxy: Proxy(), se:cdp: ws://localhost:64287/devtoo..., se:cdpVersion: 108.0.5359.125, setWindowRect: true, strictFileInteractability: false, timeouts: {implicit: 0, pageLoad: 300000, script: 30000}, unhandledPromptBehavior: dismiss and notify, webauthn:extension:credBlob: true, webauthn:extension:largeBlob: true, webauthn:virtualAuthenticators: true}
Element: [[ChromeDriver: chrome on WINDOWS (6d131f068096e607888886d4c4748f9c)] -> xpath: //*[@id="container"]/div/footer/div/div[3]/div[1]/div[1]/a[7]]
Session ID: 6d131f068096e607888886d4c4748f9c
at java.base/jdk.internal.reflect.NativeConstructorAccessorImpl.newInstance0(Native Method)
at java.base/jdk.internal.reflect.NativeConstructorAccessorImpl.newInstance(NativeConstructorAccessorImpl.java:62)
at java.base/jdk.internal.reflect.DelegatingConstructorAccessorImpl.newInstance(DelegatingConstructorAccessorImpl.java:45)
at java.base/java.lang.reflect.Constructor.newInstance(Constructor.java:490)
at org.openqa.selenium.remote.codec.w3c.W3CHttpResponseCodec.createException(W3CHttpResponseCodec.java:200)
at org.openqa.selenium.remote.codec.w3c.W3CHttpResponseCodec.decode(W3CHttpResponseCodec.java:133)
at org.openqa.selenium.remote.codec.w3c.W3CHttpResponseCodec.decode(W3CHttpResponseCodec.java:53)
at org.openqa.selenium.remote.HttpCommandExecutor.execute(HttpCommandExecutor.java:184)
at org.openqa.selenium.remote.service.DriverCommandExecutor.invokeExecute(DriverCommandExecutor.java:167)
at org.openqa.selenium.remote.service.DriverCommandExecutor.execute(DriverCommandExecutor.java:142)
at org.openqa.selenium.remote.RemoteWebDriver.execute(RemoteWebDriver.java:547)
at org.openqa.selenium.remote.RemoteWebElement.execute(RemoteWebElement.java:257)
at org.openqa.selenium.remote.RemoteWebElement.click(RemoteWebElement.java:78)
at jdk.internal.reflect.GeneratedMethodAccessor6.invoke(Unknown Source)
at java.base/jdk.internal.reflect.DelegatingMethodAccessorImpl.invoke(DelegatingMethodAccessorImpl.java:43)
at java.base/java.lang.reflect.Method.invoke(Method.java:566)
at org.openqa.selenium.support.pagefactory.internal.LocatingElementHandler.invoke(LocatingElementHandler.java:52)
at com.sun.proxy.$Proxy16.click(Unknown Source)
at model.cases.corporatehit(cases.java:22)
at Flipkart.Flipkart.Test_cases.cases(Test_cases.java:24)
at java.base/jdk.internal.reflect.NativeMethodAccessorImpl.invoke0(Native Method)
at java.base/jdk.internal.reflect.NativeMethodAccessorImpl.invoke(NativeMethodAccessorImpl.java:62)
at java.base/jdk.internal.reflect.DelegatingMethodAccessorImpl.invoke(DelegatingMethodAccessorImpl.java:43)
at java.base/java.lang.reflect.Method.invoke(Method.java:566)
at org.testng.internal.invokers.MethodInvocationHelper.invokeMethod(MethodInvocationHelper.java:139)
at org.testng.internal.invokers.TestInvoker.invokeMethod(TestInvoker.java:677)
at org.testng.internal.invokers.TestInvoker.invokeTestMethod(TestInvoker.java:221)
at org.testng.internal.invokers.MethodRunner.runInSequence(MethodRunner.java:50)
at org.testng.internal.invokers.TestInvoker$MethodInvocationAgent.invoke(TestInvoker.java:962)
at org.testng.internal.invokers.TestInvoker.invokeTestMethods(TestInvoker.java:194)
at org.testng.internal.invokers.TestMethodWorker.invokeTestMethods(TestMethodWorker.java:148)
at org.testng.internal.invokers.TestMethodWorker.run(TestMethodWorker.java:128)
at java.base/java.util.ArrayList.forEach(ArrayList.java:1540)
at org.testng.TestRunner.privateRun(TestRunner.java:806)
at org.testng.TestRunner.run(TestRunner.java:601)
at org.testng.SuiteRunner.runTest(SuiteRunner.java:433)
at org.testng.SuiteRunner.runSequentially(SuiteRunner.java:427)
at org.testng.SuiteRunner.privateRun(SuiteRunner.java:387)
at org.testng.SuiteRunner.run(SuiteRunner.java:330)
at org.testng.SuiteRunnerWorker.runSuite(SuiteRunnerWorker.java:52)
at org.testng.SuiteRunnerWorker.run(SuiteRunnerWorker.java:95)
at org.testng.TestNG.runSuitesSequentially(TestNG.java:1256)
at org.testng.TestNG.runSuitesLocally(TestNG.java:1176)
at org.testng.TestNG.runSuites(TestNG.java:1099)
at org.testng.TestNG.run(TestNG.java:1067)
at org.apache.maven.surefire.testng.TestNGExecutor.run(TestNGExecutor.java:135)
at org.apache.maven.surefire.testng.TestNGDirectoryTestSuite.executeMulti(TestNGDirectoryTestSuite.java:193)
at org.apache.maven.surefire.testng.TestNGDirectoryTestSuite.execute(TestNGDirectoryTestSuite.java:94)
at org.apache.maven.surefire.testng.TestNGProvider.invoke(TestNGProvider.java:146)
at org.apache.maven.surefire.booter.ForkedBooter.invokeProviderInSameClassLoader(ForkedBooter.java:384)
at org.apache.maven.surefire.booter.ForkedBooter.runSuitesInProcess(ForkedBooter.java:345)
at org.apache.maven.surefire.booter.ForkedBooter.execute(ForkedBooter.java:126)
at org.apache.maven.surefire.booter.ForkedBooter.main(ForkedBooter.java:418)
]]>
            </full-stacktrace>
          </exception> <!-- org.openqa.selenium.ElementNotInteractableException -->
          <reporter-output>
          </reporter-output>
        </test-method> <!-- cases -->
        <test-method is-config="true" signature="CloseBrowser(org.testng.ITestResult)[pri:0, instance:Flipkart.Flipkart.Test_cases@48f278eb]" started-at="2023-01-08T22:12:20 IST" name="CloseBrowser" finished-at="2023-01-08T22:12:20 IST" duration-ms="86" status="PASS">
          <params>
            <param index="0">
              <value>
                <![CDATA[[TestResult name=cases status=FAILURE method=Test_cases.cases()[pri:1, instance:Flipkart.Flipkart.Test_cases@48f278eb] output={null}]]]>
              </value>
            </param>
          </params>
          <reporter-output>
          </reporter-output>
        </test-method> <!-- CloseBrowser -->
        <test-method is-config="true" signature="launchurl(java.lang.reflect.Method)[pri:0, instance:Flipkart.Flipkart.Test_cases@48f278eb]" started-at="2023-01-08T22:12:20 IST" name="launchurl" finished-at="2023-01-08T22:12:22 IST" duration-ms="1285" status="PASS">
          <params>
            <param index="0">
              <value>
                <![CDATA[public void Flipkart.Flipkart.Test_cases.verifyTitle()]]>
              </value>
            </param>
          </params>
          <reporter-output>
          </reporter-output>
        </test-method> <!-- launchurl -->
        <test-method signature="verifyTitle()[pri:3, instance:Flipkart.Flipkart.Test_cases@48f278eb]" started-at="2023-01-08T22:12:22 IST" name="verifyTitle" finished-at="2023-01-08T22:12:22 IST" duration-ms="5" status="PASS">
          <reporter-output>
          </reporter-output>
        </test-method> <!-- verifyTitle -->
        <test-method is-config="true" signature="CloseBrowser(org.testng.ITestResult)[pri:0, instance:Flipkart.Flipkart.Test_cases@48f278eb]" started-at="2023-01-08T22:12:22 IST" name="CloseBrowser" finished-at="2023-01-08T22:12:22 IST" duration-ms="0" status="PASS">
          <params>
            <param index="0">
              <value>
                <![CDATA[[TestResult name=verifyTitle status=SUCCESS method=Test_cases.verifyTitle()[pri:3, instance:Flipkart.Flipkart.Test_cases@48f278eb] output={null}]]]>
              </value>
            </param>
          </params>
          <reporter-output>
          </reporter-output>
        </test-method> <!-- CloseBrowser -->
        <test-method is-config="true" signature="launchurl(java.lang.reflect.Method)[pri:0, instance:Flipkart.Flipkart.Test_cases@48f278eb]" started-at="2023-01-08T22:12:22 IST" name="launchurl" finished-at="2023-01-08T22:12:23 IST" duration-ms="1139" status="PASS">
          <params>
            <param index="0">
              <value>
                <![CDATA[public void Flipkart.Flipkart.Test_cases.verifyLogo()]]>
              </value>
            </param>
          </params>
          <reporter-output>
          </reporter-output>
        </test-method> <!-- launchurl -->
        <test-method signature="verifyLogo()[pri:4, instance:Flipkart.Flipkart.Test_cases@48f278eb]" started-at="2023-01-08T22:12:23 IST" name="verifyLogo" finished-at="2023-01-08T22:12:23 IST" duration-ms="39" status="PASS">
          <reporter-output>
          </reporter-output>
        </test-method> <!-- verifyLogo -->
        <test-method is-config="true" signature="CloseBrowser(org.testng.ITestResult)[pri:0, instance:Flipkart.Flipkart.Test_cases@48f278eb]" started-at="2023-01-08T22:12:23 IST" name="CloseBrowser" finished-at="2023-01-08T22:12:23 IST" duration-ms="1" status="PASS">
          <params>
            <param index="0">
              <value>
                <![CDATA[[TestResult name=verifyLogo status=SUCCESS method=Test_cases.verifyLogo()[pri:4, instance:Flipkart.Flipkart.Test_cases@48f278eb] output={null}]]]>
              </value>
            </param>
          </params>
          <reporter-output>
          </reporter-output>
        </test-method> <!-- CloseBrowser -->
      </class> <!-- Flipkart.Flipkart.Test_cases -->
      <class name="Flipkart.Flipkart.Test_Cart">
        <test-method is-config="true" signature="launchurl(java.lang.reflect.Method)[pri:0, instance:Flipkart.Flipkart.Test_Cart@1da2cb77]" started-at="2023-01-08T22:11:34 IST" name="launchurl" finished-at="2023-01-08T22:11:36 IST" duration-ms="1279" status="PASS">
          <params>
            <param index="0">
              <value>
                <![CDATA[public void Flipkart.Flipkart.Test_Cart.addToCart() throws java.lang.InterruptedException]]>
              </value>
            </param>
          </params>
          <reporter-output>
          </reporter-output>
        </test-method> <!-- launchurl -->
        <test-method signature="addToCart()[pri:0, instance:Flipkart.Flipkart.Test_Cart@1da2cb77]" started-at="2023-01-08T22:11:36 IST" name="addToCart" finished-at="2023-01-08T22:12:16 IST" duration-ms="40471" status="PASS">
          <reporter-output>
          </reporter-output>
        </test-method> <!-- addToCart -->
        <test-method is-config="true" signature="CloseBrowser(org.testng.ITestResult)[pri:0, instance:Flipkart.Flipkart.Test_Cart@1da2cb77]" started-at="2023-01-08T22:12:16 IST" name="CloseBrowser" finished-at="2023-01-08T22:12:16 IST" duration-ms="1" status="PASS">
          <params>
            <param index="0">
              <value>
                <![CDATA[[TestResult name=addToCart status=SUCCESS method=Test_Cart.addToCart()[pri:0, instance:Flipkart.Flipkart.Test_Cart@1da2cb77] output={null}]]]>
              </value>
            </param>
          </params>
          <reporter-output>
          </reporter-output>
        </test-method> <!-- CloseBrowser -->
      </class> <!-- Flipkart.Flipkart.Test_Cart -->
      <class name="Flipkart.Flipkart.Test_AllTestCases">
        <test-method is-config="true" signature="launchurl(java.lang.reflect.Method)[pri:0, instance:Flipkart.Flipkart.Test_AllTestCases@611889f4]" started-at="2023-01-08T22:11:17 IST" name="launchurl" finished-at="2023-01-08T22:11:18 IST" duration-ms="1162" status="PASS">
          <params>
            <param index="0">
              <value>
                <![CDATA[public void Flipkart.Flipkart.Test_AllTestCases.first() throws java.lang.InterruptedException]]>
              </value>
            </param>
          </params>
          <reporter-output>
          </reporter-output>
        </test-method> <!-- launchurl -->
        <test-method signature="first()[pri:1, instance:Flipkart.Flipkart.Test_AllTestCases@611889f4]" started-at="2023-01-08T22:11:18 IST" name="first" finished-at="2023-01-08T22:11:22 IST" duration-ms="3918" status="PASS">
          <reporter-output>
          </reporter-output>
        </test-method> <!-- first -->
        <test-method is-config="true" signature="CloseBrowser(org.testng.ITestResult)[pri:0, instance:Flipkart.Flipkart.Test_AllTestCases@611889f4]" started-at="2023-01-08T22:11:22 IST" name="CloseBrowser" finished-at="2023-01-08T22:11:22 IST" duration-ms="1" status="PASS">
          <params>
            <param index="0">
              <value>
                <![CDATA[[TestResult name=first status=SUCCESS method=Test_AllTestCases.first()[pri:1, instance:Flipkart.Flipkart.Test_AllTestCases@611889f4] output={null}]]]>
              </value>
            </param>
          </params>
          <reporter-output>
          </reporter-output>
        </test-method> <!-- CloseBrowser -->
        <test-method is-config="true" signature="launchurl(java.lang.reflect.Method)[pri:0, instance:Flipkart.Flipkart.Test_AllTestCases@611889f4]" started-at="2023-01-08T22:11:22 IST" name="launchurl" finished-at="2023-01-08T22:11:24 IST" duration-ms="1279" status="PASS">
          <params>
            <param index="0">
              <value>
                <![CDATA[public void Flipkart.Flipkart.Test_AllTestCases.second() throws java.lang.InterruptedException]]>
              </value>
            </param>
          </params>
          <reporter-output>
          </reporter-output>
        </test-method> <!-- launchurl -->
        <test-method signature="second()[pri:2, instance:Flipkart.Flipkart.Test_AllTestCases@611889f4]" started-at="2023-01-08T22:11:24 IST" name="second" finished-at="2023-01-08T22:11:25 IST" duration-ms="1629" status="PASS">
          <reporter-output>
          </reporter-output>
        </test-method> <!-- second -->
        <test-method is-config="true" signature="CloseBrowser(org.testng.ITestResult)[pri:0, instance:Flipkart.Flipkart.Test_AllTestCases@611889f4]" started-at="2023-01-08T22:11:25 IST" name="CloseBrowser" finished-at="2023-01-08T22:11:25 IST" duration-ms="1" status="PASS">
          <params>
            <param index="0">
              <value>
                <![CDATA[[TestResult name=second status=SUCCESS method=Test_AllTestCases.second()[pri:2, instance:Flipkart.Flipkart.Test_AllTestCases@611889f4] output={null}]]]>
              </value>
            </param>
          </params>
          <reporter-output>
          </reporter-output>
        </test-method> <!-- CloseBrowser -->
        <test-method is-config="true" signature="launchurl(java.lang.reflect.Method)[pri:0, instance:Flipkart.Flipkart.Test_AllTestCases@611889f4]" started-at="2023-01-08T22:11:25 IST" name="launchurl" finished-at="2023-01-08T22:11:27 IST" duration-ms="1346" status="PASS">
          <params>
            <param index="0">
              <value>
                <![CDATA[public void Flipkart.Flipkart.Test_AllTestCases.Third() throws java.lang.InterruptedException]]>
              </value>
            </param>
          </params>
          <reporter-output>
          </reporter-output>
        </test-method> <!-- launchurl -->
        <test-method signature="Third()[pri:3, instance:Flipkart.Flipkart.Test_AllTestCases@611889f4]" started-at="2023-01-08T22:11:27 IST" name="Third" finished-at="2023-01-08T22:11:32 IST" duration-ms="5055" status="PASS">
          <reporter-output>
          </reporter-output>
        </test-method> <!-- Third -->
        <test-method is-config="true" signature="CloseBrowser(org.testng.ITestResult)[pri:0, instance:Flipkart.Flipkart.Test_AllTestCases@611889f4]" started-at="2023-01-08T22:11:32 IST" name="CloseBrowser" finished-at="2023-01-08T22:11:32 IST" duration-ms="1" status="PASS">
          <params>
            <param index="0">
              <value>
                <![CDATA[[TestResult name=Third status=SUCCESS method=Test_AllTestCases.Third()[pri:3, instance:Flipkart.Flipkart.Test_AllTestCases@611889f4] output={null}]]]>
              </value>
            </param>
          </params>
          <reporter-output>
          </reporter-output>
        </test-method> <!-- CloseBrowser -->
        <test-method is-config="true" signature="launchurl(java.lang.reflect.Method)[pri:0, instance:Flipkart.Flipkart.Test_AllTestCases@611889f4]" started-at="2023-01-08T22:11:32 IST" name="launchurl" finished-at="2023-01-08T22:11:33 IST" duration-ms="1101" status="PASS">
          <params>
            <param index="0">
              <value>
                <![CDATA[public void Flipkart.Flipkart.Test_AllTestCases.fifth() throws java.lang.InterruptedException]]>
              </value>
            </param>
          </params>
          <reporter-output>
          </reporter-output>
        </test-method> <!-- launchurl -->
        <test-method signature="fifth()[pri:4, instance:Flipkart.Flipkart.Test_AllTestCases@611889f4]" started-at="2023-01-08T22:11:33 IST" name="fifth" finished-at="2023-01-08T22:11:34 IST" duration-ms="1553" status="PASS">
          <reporter-output>
          </reporter-output>
        </test-method> <!-- fifth -->
        <test-method is-config="true" signature="CloseBrowser(org.testng.ITestResult)[pri:0, instance:Flipkart.Flipkart.Test_AllTestCases@611889f4]" started-at="2023-01-08T22:11:34 IST" name="CloseBrowser" finished-at="2023-01-08T22:11:34 IST" duration-ms="1" status="PASS">
          <params>
            <param index="0">
              <value>
                <![CDATA[[TestResult name=fifth status=SUCCESS method=Test_AllTestCases.fifth()[pri:4, instance:Flipkart.Flipkart.Test_AllTestCases@611889f4] output={null}]]]>
              </value>
            </param>
          </params>
          <reporter-output>
          </reporter-output>
        </test-method> <!-- CloseBrowser -->
      </class> <!-- Flipkart.Flipkart.Test_AllTestCases -->
      <class name="Flipkart.Flipkart.Test_3Searchitem">
        <test-method is-config="true" signature="launchurl(java.lang.reflect.Method)[pri:0, instance:Flipkart.Flipkart.Test_3Searchitem@22ef9844]" started-at="2023-01-08T22:10:34 IST" name="launchurl" finished-at="2023-01-08T22:10:35 IST" duration-ms="1362" status="PASS">
          <params>
            <param index="0">
              <value>
                <![CDATA[public void Flipkart.Flipkart.Test_3Searchitem.yzx() throws java.lang.InterruptedException]]>
              </value>
            </param>
          </params>
          <reporter-output>
          </reporter-output>
        </test-method> <!-- launchurl -->
        <test-method signature="yzx()[pri:0, instance:Flipkart.Flipkart.Test_3Searchitem@22ef9844]" started-at="2023-01-08T22:10:35 IST" name="yzx" finished-at="2023-01-08T22:10:44 IST" duration-ms="9196" status="PASS">
          <reporter-output>
          </reporter-output>
        </test-method> <!-- yzx -->
        <test-method is-config="true" signature="CloseBrowser(org.testng.ITestResult)[pri:0, instance:Flipkart.Flipkart.Test_3Searchitem@22ef9844]" started-at="2023-01-08T22:10:44 IST" name="CloseBrowser" finished-at="2023-01-08T22:10:44 IST" duration-ms="1" status="PASS">
          <params>
            <param index="0">
              <value>
                <![CDATA[[TestResult name=yzx status=SUCCESS method=Test_3Searchitem.yzx()[pri:0, instance:Flipkart.Flipkart.Test_3Searchitem@22ef9844] output={null}]]]>
              </value>
            </param>
          </params>
          <reporter-output>
          </reporter-output>
        </test-method> <!-- CloseBrowser -->
      </class> <!-- Flipkart.Flipkart.Test_3Searchitem -->
      <class name="Flipkart.Flipkart.Test_10Footer">
        <test-method is-config="true" signature="launchurl(java.lang.reflect.Method)[pri:0, instance:Flipkart.Flipkart.Test_10Footer@35aea049]" started-at="2023-01-08T22:10:13 IST" name="launchurl" finished-at="2023-01-08T22:10:14 IST" duration-ms="1247" status="PASS">
          <params>
            <param index="0">
              <value>
                <![CDATA[public void Flipkart.Flipkart.Test_10Footer.youtube() throws java.lang.InterruptedException]]>
              </value>
            </param>
          </params>
          <reporter-output>
          </reporter-output>
        </test-method> <!-- launchurl -->
        <test-method signature="youtube()[pri:0, instance:Flipkart.Flipkart.Test_10Footer@35aea049]" started-at="2023-01-08T22:10:14 IST" name="youtube" finished-at="2023-01-08T22:10:29 IST" duration-ms="15044" status="FAIL">
          <exception class="org.openqa.selenium.NoSuchElementException">
            <message>
              <![CDATA[no such element: Unable to locate element: {"method":"xpath","selector":"/html/body/div[2]/div/div/button"}
  (Session info: headless chrome=108.0.5359.125)
For documentation on this error, please visit: https://selenium.dev/exceptions/#no_such_element
Build info: version: '4.4.0', revision: 'e5c75ed026a'
System info: host: 'IN-PG02NM6E', ip: '192.168.1.5', os.name: 'Windows 10', os.arch: 'amd64', os.version: '10.0', java.version: '11.0.5'
Driver info: org.openqa.selenium.chrome.ChromeDriver
Command: [6d131f068096e607888886d4c4748f9c, findElement {using=xpath, value=/html/body/div[2]/div/div/button}]
Capabilities {acceptInsecureCerts: false, browserName: chrome, browserVersion: 108.0.5359.125, chrome: {chromedriverVersion: 108.0.5359.71 (1e0e3868ee06..., userDataDir: C:\Users\RISHAB~1\AppData\L...}, goog:chromeOptions: {debuggerAddress: localhost:64287}, networkConnectionEnabled: false, pageLoadStrategy: normal, platformName: WINDOWS, proxy: Proxy(), se:cdp: ws://localhost:64287/devtoo..., se:cdpVersion: 108.0.5359.125, setWindowRect: true, strictFileInteractability: false, timeouts: {implicit: 0, pageLoad: 300000, script: 30000}, unhandledPromptBehavior: dismiss and notify, webauthn:extension:credBlob: true, webauthn:extension:largeBlob: true, webauthn:virtualAuthenticators: true}
Session ID: 6d131f068096e607888886d4c4748f9c]]>
            </message>
            <full-stacktrace>
              <![CDATA[org.openqa.selenium.NoSuchElementException: no such element: Unable to locate element: {"method":"xpath","selector":"/html/body/div[2]/div/div/button"}
  (Session info: headless chrome=108.0.5359.125)
For documentation on this error, please visit: https://selenium.dev/exceptions/#no_such_element
Build info: version: '4.4.0', revision: 'e5c75ed026a'
System info: host: 'IN-PG02NM6E', ip: '192.168.1.5', os.name: 'Windows 10', os.arch: 'amd64', os.version: '10.0', java.version: '11.0.5'
Driver info: org.openqa.selenium.chrome.ChromeDriver
Command: [6d131f068096e607888886d4c4748f9c, findElement {using=xpath, value=/html/body/div[2]/div/div/button}]
Capabilities {acceptInsecureCerts: false, browserName: chrome, browserVersion: 108.0.5359.125, chrome: {chromedriverVersion: 108.0.5359.71 (1e0e3868ee06..., userDataDir: C:\Users\RISHAB~1\AppData\L...}, goog:chromeOptions: {debuggerAddress: localhost:64287}, networkConnectionEnabled: false, pageLoadStrategy: normal, platformName: WINDOWS, proxy: Proxy(), se:cdp: ws://localhost:64287/devtoo..., se:cdpVersion: 108.0.5359.125, setWindowRect: true, strictFileInteractability: false, timeouts: {implicit: 0, pageLoad: 300000, script: 30000}, unhandledPromptBehavior: dismiss and notify, webauthn:extension:credBlob: true, webauthn:extension:largeBlob: true, webauthn:virtualAuthenticators: true}
Session ID: 6d131f068096e607888886d4c4748f9c
at java.base/jdk.internal.reflect.NativeConstructorAccessorImpl.newInstance0(Native Method)
at java.base/jdk.internal.reflect.NativeConstructorAccessorImpl.newInstance(NativeConstructorAccessorImpl.java:62)
at java.base/jdk.internal.reflect.DelegatingConstructorAccessorImpl.newInstance(DelegatingConstructorAccessorImpl.java:45)
at java.base/java.lang.reflect.Constructor.newInstance(Constructor.java:490)
at org.openqa.selenium.remote.codec.w3c.W3CHttpResponseCodec.createException(W3CHttpResponseCodec.java:200)
at org.openqa.selenium.remote.codec.w3c.W3CHttpResponseCodec.decode(W3CHttpResponseCodec.java:133)
at org.openqa.selenium.remote.codec.w3c.W3CHttpResponseCodec.decode(W3CHttpResponseCodec.java:53)
at org.openqa.selenium.remote.HttpCommandExecutor.execute(HttpCommandExecutor.java:184)
at org.openqa.selenium.remote.service.DriverCommandExecutor.invokeExecute(DriverCommandExecutor.java:167)
at org.openqa.selenium.remote.service.DriverCommandExecutor.execute(DriverCommandExecutor.java:142)
at org.openqa.selenium.remote.RemoteWebDriver.execute(RemoteWebDriver.java:547)
at org.openqa.selenium.remote.ElementLocation$ElementFinder$2.findElement(ElementLocation.java:162)
at org.openqa.selenium.remote.ElementLocation.findElement(ElementLocation.java:60)
at org.openqa.selenium.remote.RemoteWebDriver.findElement(RemoteWebDriver.java:365)
at org.openqa.selenium.remote.RemoteWebDriver.findElement(RemoteWebDriver.java:357)
at org.openqa.selenium.support.pagefactory.DefaultElementLocator.findElement(DefaultElementLocator.java:70)
at org.openqa.selenium.support.pagefactory.internal.LocatingElementHandler.invoke(LocatingElementHandler.java:39)
at com.sun.proxy.$Proxy16.click(Unknown Source)
at model.crossbutton.Cross(crossbutton.java:26)
at Flipkart.Flipkart.Test_10Footer.youtube(Test_10Footer.java:20)
at java.base/jdk.internal.reflect.NativeMethodAccessorImpl.invoke0(Native Method)
at java.base/jdk.internal.reflect.NativeMethodAccessorImpl.invoke(NativeMethodAccessorImpl.java:62)
at java.base/jdk.internal.reflect.DelegatingMethodAccessorImpl.invoke(DelegatingMethodAccessorImpl.java:43)
at java.base/java.lang.reflect.Method.invoke(Method.java:566)
at org.testng.internal.invokers.MethodInvocationHelper.invokeMethod(MethodInvocationHelper.java:139)
at org.testng.internal.invokers.TestInvoker.invokeMethod(TestInvoker.java:677)
at org.testng.internal.invokers.TestInvoker.invokeTestMethod(TestInvoker.java:221)
at org.testng.internal.invokers.MethodRunner.runInSequence(MethodRunner.java:50)
at org.testng.internal.invokers.TestInvoker$MethodInvocationAgent.invoke(TestInvoker.java:962)
at org.testng.internal.invokers.TestInvoker.invokeTestMethods(TestInvoker.java:194)
at org.testng.internal.invokers.TestMethodWorker.invokeTestMethods(TestMethodWorker.java:148)
at org.testng.internal.invokers.TestMethodWorker.run(TestMethodWorker.java:128)
at java.base/java.util.ArrayList.forEach(ArrayList.java:1540)
at org.testng.TestRunner.privateRun(TestRunner.java:806)
at org.testng.TestRunner.run(TestRunner.java:601)
at org.testng.SuiteRunner.runTest(SuiteRunner.java:433)
at org.testng.SuiteRunner.runSequentially(SuiteRunner.java:427)
at org.testng.SuiteRunner.privateRun(SuiteRunner.java:387)
at org.testng.SuiteRunner.run(SuiteRunner.java:330)
at org.testng.SuiteRunnerWorker.runSuite(SuiteRunnerWorker.java:52)
at org.testng.SuiteRunnerWorker.run(SuiteRunnerWorker.java:95)
at org.testng.TestNG.runSuitesSequentially(TestNG.java:1256)
at org.testng.TestNG.runSuitesLocally(TestNG.java:1176)
at org.testng.TestNG.runSuites(TestNG.java:1099)
at org.testng.TestNG.run(TestNG.java:1067)
at org.apache.maven.surefire.testng.TestNGExecutor.run(TestNGExecutor.java:135)
at org.apache.maven.surefire.testng.TestNGDirectoryTestSuite.executeMulti(TestNGDirectoryTestSuite.java:193)
at org.apache.maven.surefire.testng.TestNGDirectoryTestSuite.execute(TestNGDirectoryTestSuite.java:94)
at org.apache.maven.surefire.testng.TestNGProvider.invoke(TestNGProvider.java:146)
at org.apache.maven.surefire.booter.ForkedBooter.invokeProviderInSameClassLoader(ForkedBooter.java:384)
at org.apache.maven.surefire.booter.ForkedBooter.runSuitesInProcess(ForkedBooter.java:345)
at org.apache.maven.surefire.booter.ForkedBooter.execute(ForkedBooter.java:126)
at org.apache.maven.surefire.booter.ForkedBooter.main(ForkedBooter.java:418)
]]>
            </full-stacktrace>
          </exception> <!-- org.openqa.selenium.NoSuchElementException -->
          <reporter-output>
          </reporter-output>
        </test-method> <!-- youtube -->
        <test-method is-config="true" signature="CloseBrowser(org.testng.ITestResult)[pri:0, instance:Flipkart.Flipkart.Test_10Footer@35aea049]" started-at="2023-01-08T22:10:29 IST" name="CloseBrowser" finished-at="2023-01-08T22:10:29 IST" duration-ms="116" status="PASS">
          <params>
            <param index="0">
              <value>
                <![CDATA[[TestResult name=youtube status=FAILURE method=Test_10Footer.youtube()[pri:0, instance:Flipkart.Flipkart.Test_10Footer@35aea049] output={null}]]]>
              </value>
            </param>
          </params>
          <reporter-output>
          </reporter-output>
        </test-method> <!-- CloseBrowser -->
      </class> <!-- Flipkart.Flipkart.Test_10Footer -->
      <class name="Flipkart.Flipkart.Rest_TestCase">
        <test-method is-config="true" signature="launchBrowser()[pri:0, instance:Flipkart.Flipkart.Rest_TestCase@28f2a10f]" started-at="2023-01-08T22:07:53 IST" name="launchBrowser" finished-at="2023-01-08T22:07:56 IST" duration-ms="2664" status="PASS">
          <reporter-output>
          </reporter-output>
        </test-method> <!-- launchBrowser -->
        <test-method is-config="true" signature="launchurl(java.lang.reflect.Method)[pri:0, instance:Flipkart.Flipkart.Rest_TestCase@28f2a10f]" started-at="2023-01-08T22:07:56 IST" name="launchurl" finished-at="2023-01-08T22:08:47 IST" duration-ms="51022" status="PASS">
          <params>
            <param index="0">
              <value>
                <![CDATA[public void Flipkart.Flipkart.Rest_TestCase.faqcase() throws java.lang.InterruptedException]]>
              </value>
            </param>
          </params>
          <reporter-output>
          </reporter-output>
        </test-method> <!-- launchurl -->
        <test-method signature="faqcase()[pri:0, instance:Flipkart.Flipkart.Rest_TestCase@28f2a10f]" started-at="2023-01-08T22:08:47 IST" name="faqcase" finished-at="2023-01-08T22:09:02 IST" duration-ms="15109" status="FAIL">
          <exception class="org.openqa.selenium.ElementNotInteractableException">
            <message>
              <![CDATA[element not interactable
  (Session info: headless chrome=108.0.5359.125)
Build info: version: '4.4.0', revision: 'e5c75ed026a'
System info: host: 'IN-PG02NM6E', ip: '192.168.1.5', os.name: 'Windows 10', os.arch: 'amd64', os.version: '10.0', java.version: '11.0.5'
Driver info: org.openqa.selenium.chrome.ChromeDriver
Command: [6d131f068096e607888886d4c4748f9c, clickElement {id=c89c4a44-5df2-4c0f-9ebe-dd5f7a1144d6}]
Capabilities {acceptInsecureCerts: false, browserName: chrome, browserVersion: 108.0.5359.125, chrome: {chromedriverVersion: 108.0.5359.71 (1e0e3868ee06..., userDataDir: C:\Users\RISHAB~1\AppData\L...}, goog:chromeOptions: {debuggerAddress: localhost:64287}, networkConnectionEnabled: false, pageLoadStrategy: normal, platformName: WINDOWS, proxy: Proxy(), se:cdp: ws://localhost:64287/devtoo..., se:cdpVersion: 108.0.5359.125, setWindowRect: true, strictFileInteractability: false, timeouts: {implicit: 0, pageLoad: 300000, script: 30000}, unhandledPromptBehavior: dismiss and notify, webauthn:extension:credBlob: true, webauthn:extension:largeBlob: true, webauthn:virtualAuthenticators: true}
Element: [[ChromeDriver: chrome on WINDOWS (6d131f068096e607888886d4c4748f9c)] -> xpath: //*[@id="container"]/div/footer/div/div[3]/div[1]/div[2]/a[4]]
Session ID: 6d131f068096e607888886d4c4748f9c]]>
            </message>
            <full-stacktrace>
              <![CDATA[org.openqa.selenium.ElementNotInteractableException: element not interactable
  (Session info: headless chrome=108.0.5359.125)
Build info: version: '4.4.0', revision: 'e5c75ed026a'
System info: host: 'IN-PG02NM6E', ip: '192.168.1.5', os.name: 'Windows 10', os.arch: 'amd64', os.version: '10.0', java.version: '11.0.5'
Driver info: org.openqa.selenium.chrome.ChromeDriver
Command: [6d131f068096e607888886d4c4748f9c, clickElement {id=c89c4a44-5df2-4c0f-9ebe-dd5f7a1144d6}]
Capabilities {acceptInsecureCerts: false, browserName: chrome, browserVersion: 108.0.5359.125, chrome: {chromedriverVersion: 108.0.5359.71 (1e0e3868ee06..., userDataDir: C:\Users\RISHAB~1\AppData\L...}, goog:chromeOptions: {debuggerAddress: localhost:64287}, networkConnectionEnabled: false, pageLoadStrategy: normal, platformName: WINDOWS, proxy: Proxy(), se:cdp: ws://localhost:64287/devtoo..., se:cdpVersion: 108.0.5359.125, setWindowRect: true, strictFileInteractability: false, timeouts: {implicit: 0, pageLoad: 300000, script: 30000}, unhandledPromptBehavior: dismiss and notify, webauthn:extension:credBlob: true, webauthn:extension:largeBlob: true, webauthn:virtualAuthenticators: true}
Element: [[ChromeDriver: chrome on WINDOWS (6d131f068096e607888886d4c4748f9c)] -> xpath: //*[@id="container"]/div/footer/div/div[3]/div[1]/div[2]/a[4]]
Session ID: 6d131f068096e607888886d4c4748f9c
at java.base/jdk.internal.reflect.NativeConstructorAccessorImpl.newInstance0(Native Method)
at java.base/jdk.internal.reflect.NativeConstructorAccessorImpl.newInstance(NativeConstructorAccessorImpl.java:62)
at java.base/jdk.internal.reflect.DelegatingConstructorAccessorImpl.newInstance(DelegatingConstructorAccessorImpl.java:45)
at java.base/java.lang.reflect.Constructor.newInstance(Constructor.java:490)
at org.openqa.selenium.remote.codec.w3c.W3CHttpResponseCodec.createException(W3CHttpResponseCodec.java:200)
at org.openqa.selenium.remote.codec.w3c.W3CHttpResponseCodec.decode(W3CHttpResponseCodec.java:133)
at org.openqa.selenium.remote.codec.w3c.W3CHttpResponseCodec.decode(W3CHttpResponseCodec.java:53)
at org.openqa.selenium.remote.HttpCommandExecutor.execute(HttpCommandExecutor.java:184)
at org.openqa.selenium.remote.service.DriverCommandExecutor.invokeExecute(DriverCommandExecutor.java:167)
at org.openqa.selenium.remote.service.DriverCommandExecutor.execute(DriverCommandExecutor.java:142)
at org.openqa.selenium.remote.RemoteWebDriver.execute(RemoteWebDriver.java:547)
at org.openqa.selenium.remote.RemoteWebElement.execute(RemoteWebElement.java:257)
at org.openqa.selenium.remote.RemoteWebElement.click(RemoteWebElement.java:78)
at java.base/jdk.internal.reflect.NativeMethodAccessorImpl.invoke0(Native Method)
at java.base/jdk.internal.reflect.NativeMethodAccessorImpl.invoke(NativeMethodAccessorImpl.java:62)
at java.base/jdk.internal.reflect.DelegatingMethodAccessorImpl.invoke(DelegatingMethodAccessorImpl.java:43)
at java.base/java.lang.reflect.Method.invoke(Method.java:566)
at org.openqa.selenium.support.pagefactory.internal.LocatingElementHandler.invoke(LocatingElementHandler.java:52)
at com.sun.proxy.$Proxy16.click(Unknown Source)
at model.Resttestcases.faqhit(Resttestcases.java:62)
at Flipkart.Flipkart.Rest_TestCase.faqcase(Rest_TestCase.java:26)
at java.base/jdk.internal.reflect.NativeMethodAccessorImpl.invoke0(Native Method)
at java.base/jdk.internal.reflect.NativeMethodAccessorImpl.invoke(NativeMethodAccessorImpl.java:62)
at java.base/jdk.internal.reflect.DelegatingMethodAccessorImpl.invoke(DelegatingMethodAccessorImpl.java:43)
at java.base/java.lang.reflect.Method.invoke(Method.java:566)
at org.testng.internal.invokers.MethodInvocationHelper.invokeMethod(MethodInvocationHelper.java:139)
at org.testng.internal.invokers.TestInvoker.invokeMethod(TestInvoker.java:677)
at org.testng.internal.invokers.TestInvoker.invokeTestMethod(TestInvoker.java:221)
at org.testng.internal.invokers.MethodRunner.runInSequence(MethodRunner.java:50)
at org.testng.internal.invokers.TestInvoker$MethodInvocationAgent.invoke(TestInvoker.java:962)
at org.testng.internal.invokers.TestInvoker.invokeTestMethods(TestInvoker.java:194)
at org.testng.internal.invokers.TestMethodWorker.invokeTestMethods(TestMethodWorker.java:148)
at org.testng.internal.invokers.TestMethodWorker.run(TestMethodWorker.java:128)
at java.base/java.util.ArrayList.forEach(ArrayList.java:1540)
at org.testng.TestRunner.privateRun(TestRunner.java:806)
at org.testng.TestRunner.run(TestRunner.java:601)
at org.testng.SuiteRunner.runTest(SuiteRunner.java:433)
at org.testng.SuiteRunner.runSequentially(SuiteRunner.java:427)
at org.testng.SuiteRunner.privateRun(SuiteRunner.java:387)
at org.testng.SuiteRunner.run(SuiteRunner.java:330)
at org.testng.SuiteRunnerWorker.runSuite(SuiteRunnerWorker.java:52)
at org.testng.SuiteRunnerWorker.run(SuiteRunnerWorker.java:95)
at org.testng.TestNG.runSuitesSequentially(TestNG.java:1256)
at org.testng.TestNG.runSuitesLocally(TestNG.java:1176)
at org.testng.TestNG.runSuites(TestNG.java:1099)
at org.testng.TestNG.run(TestNG.java:1067)
at org.apache.maven.surefire.testng.TestNGExecutor.run(TestNGExecutor.java:135)
at org.apache.maven.surefire.testng.TestNGDirectoryTestSuite.executeMulti(TestNGDirectoryTestSuite.java:193)
at org.apache.maven.surefire.testng.TestNGDirectoryTestSuite.execute(TestNGDirectoryTestSuite.java:94)
at org.apache.maven.surefire.testng.TestNGProvider.invoke(TestNGProvider.java:146)
at org.apache.maven.surefire.booter.ForkedBooter.invokeProviderInSameClassLoader(ForkedBooter.java:384)
at org.apache.maven.surefire.booter.ForkedBooter.runSuitesInProcess(ForkedBooter.java:345)
at org.apache.maven.surefire.booter.ForkedBooter.execute(ForkedBooter.java:126)
at org.apache.maven.surefire.booter.ForkedBooter.main(ForkedBooter.java:418)
]]>
            </full-stacktrace>
          </exception> <!-- org.openqa.selenium.ElementNotInteractableException -->
          <reporter-output>
          </reporter-output>
        </test-method> <!-- faqcase -->
        <test-method is-config="true" signature="CloseBrowser(org.testng.ITestResult)[pri:0, instance:Flipkart.Flipkart.Rest_TestCase@28f2a10f]" started-at="2023-01-08T22:09:02 IST" name="CloseBrowser" finished-at="2023-01-08T22:09:02 IST" duration-ms="83" status="PASS">
          <params>
            <param index="0">
              <value>
                <![CDATA[[TestResult name=faqcase status=FAILURE method=Rest_TestCase.faqcase()[pri:0, instance:Flipkart.Flipkart.Rest_TestCase@28f2a10f] output={null}]]]>
              </value>
            </param>
          </params>
          <reporter-output>
          </reporter-output>
        </test-method> <!-- CloseBrowser -->
        <test-method is-config="true" signature="Close()[pri:0, instance:Flipkart.Flipkart.Rest_TestCase@28f2a10f]" started-at="2023-01-08T22:12:23 IST" name="Close" finished-at="2023-01-08T22:12:24 IST" duration-ms="847" status="PASS">
          <reporter-output>
          </reporter-output>
        </test-method> <!-- Close -->
      </class> <!-- Flipkart.Flipkart.Rest_TestCase -->
      <class name="Flipkart.Flipkart.Test_8LeftRight">
        <test-method is-config="true" signature="launchurl(java.lang.reflect.Method)[pri:0, instance:Flipkart.Flipkart.Test_8LeftRight@3f6b0be5]" started-at="2023-01-08T22:11:06 IST" name="launchurl" finished-at="2023-01-08T22:11:07 IST" duration-ms="1237" status="PASS">
          <params>
            <param index="0">
              <value>
                <![CDATA[public void Flipkart.Flipkart.Test_8LeftRight.LRB() throws java.lang.InterruptedException]]>
              </value>
            </param>
          </params>
          <reporter-output>
          </reporter-output>
        </test-method> <!-- launchurl -->
        <test-method signature="LRB()[pri:0, instance:Flipkart.Flipkart.Test_8LeftRight@3f6b0be5]" started-at="2023-01-08T22:11:07 IST" name="LRB" finished-at="2023-01-08T22:11:17 IST" duration-ms="10198" status="PASS">
          <reporter-output>
          </reporter-output>
        </test-method> <!-- LRB -->
        <test-method is-config="true" signature="CloseBrowser(org.testng.ITestResult)[pri:0, instance:Flipkart.Flipkart.Test_8LeftRight@3f6b0be5]" started-at="2023-01-08T22:11:17 IST" name="CloseBrowser" finished-at="2023-01-08T22:11:17 IST" duration-ms="1" status="PASS">
          <params>
            <param index="0">
              <value>
                <![CDATA[[TestResult name=LRB status=SUCCESS method=Test_8LeftRight.LRB()[pri:0, instance:Flipkart.Flipkart.Test_8LeftRight@3f6b0be5] output={null}]]]>
              </value>
            </param>
          </params>
          <reporter-output>
          </reporter-output>
        </test-method> <!-- CloseBrowser -->
      </class> <!-- Flipkart.Flipkart.Test_8LeftRight -->
      <class name="Flipkart.Flipkart.Test_7Mobile">
        <test-method is-config="true" signature="launchurl(java.lang.reflect.Method)[pri:0, instance:Flipkart.Flipkart.Test_7Mobile@3b6ddd1d]" started-at="2023-01-08T22:11:02 IST" name="launchurl" finished-at="2023-01-08T22:11:03 IST" duration-ms="1505" status="PASS">
          <params>
            <param index="0">
              <value>
                <![CDATA[public void Flipkart.Flipkart.Test_7Mobile.mob() throws java.lang.InterruptedException]]>
              </value>
            </param>
          </params>
          <reporter-output>
          </reporter-output>
        </test-method> <!-- launchurl -->
        <test-method signature="mob()[pri:0, instance:Flipkart.Flipkart.Test_7Mobile@3b6ddd1d]" started-at="2023-01-08T22:11:03 IST" name="mob" finished-at="2023-01-08T22:11:06 IST" duration-ms="2574" status="PASS">
          <reporter-output>
          </reporter-output>
        </test-method> <!-- mob -->
        <test-method is-config="true" signature="CloseBrowser(org.testng.ITestResult)[pri:0, instance:Flipkart.Flipkart.Test_7Mobile@3b6ddd1d]" started-at="2023-01-08T22:11:06 IST" name="CloseBrowser" finished-at="2023-01-08T22:11:06 IST" duration-ms="0" status="PASS">
          <params>
            <param index="0">
              <value>
                <![CDATA[[TestResult name=mob status=SUCCESS method=Test_7Mobile.mob()[pri:0, instance:Flipkart.Flipkart.Test_7Mobile@3b6ddd1d] output={null}]]]>
              </value>
            </param>
          </params>
          <reporter-output>
          </reporter-output>
        </test-method> <!-- CloseBrowser -->
      </class> <!-- Flipkart.Flipkart.Test_7Mobile -->
      <class name="Flipkart.Flipkart.Test_1VerifyTitle">
        <test-method is-config="true" signature="launchurl(java.lang.reflect.Method)[pri:0, instance:Flipkart.Flipkart.Test_1VerifyTitle@7205765b]" started-at="2023-01-08T22:10:29 IST" name="launchurl" finished-at="2023-01-08T22:10:30 IST" duration-ms="1200" status="PASS">
          <params>
            <param index="0">
              <value>
                <![CDATA[public void Flipkart.Flipkart.Test_1VerifyTitle.verifyTitle()]]>
              </value>
            </param>
          </params>
          <reporter-output>
          </reporter-output>
        </test-method> <!-- launchurl -->
        <test-method signature="verifyTitle()[pri:1, instance:Flipkart.Flipkart.Test_1VerifyTitle@7205765b]" started-at="2023-01-08T22:10:30 IST" name="verifyTitle" finished-at="2023-01-08T22:10:30 IST" duration-ms="16" status="PASS">
          <reporter-output>
          </reporter-output>
        </test-method> <!-- verifyTitle -->
        <test-method is-config="true" signature="CloseBrowser(org.testng.ITestResult)[pri:0, instance:Flipkart.Flipkart.Test_1VerifyTitle@7205765b]" started-at="2023-01-08T22:10:30 IST" name="CloseBrowser" finished-at="2023-01-08T22:10:30 IST" duration-ms="1" status="PASS">
          <params>
            <param index="0">
              <value>
                <![CDATA[[TestResult name=verifyTitle status=SUCCESS method=Test_1VerifyTitle.verifyTitle()[pri:1, instance:Flipkart.Flipkart.Test_1VerifyTitle@7205765b] output={null}]]]>
              </value>
            </param>
          </params>
          <reporter-output>
          </reporter-output>
        </test-method> <!-- CloseBrowser -->
        <test-method is-config="true" signature="launchurl(java.lang.reflect.Method)[pri:0, instance:Flipkart.Flipkart.Test_1VerifyTitle@7205765b]" started-at="2023-01-08T22:10:30 IST" name="launchurl" finished-at="2023-01-08T22:10:32 IST" duration-ms="1104" status="PASS">
          <params>
            <param index="0">
              <value>
                <![CDATA[public void Flipkart.Flipkart.Test_1VerifyTitle.verifyLogo()]]>
              </value>
            </param>
          </params>
          <reporter-output>
          </reporter-output>
        </test-method> <!-- launchurl -->
        <test-method signature="verifyLogo()[pri:2, instance:Flipkart.Flipkart.Test_1VerifyTitle@7205765b]" started-at="2023-01-08T22:10:32 IST" name="verifyLogo" finished-at="2023-01-08T22:10:32 IST" duration-ms="38" status="PASS">
          <reporter-output>
          </reporter-output>
        </test-method> <!-- verifyLogo -->
        <test-method is-config="true" signature="CloseBrowser(org.testng.ITestResult)[pri:0, instance:Flipkart.Flipkart.Test_1VerifyTitle@7205765b]" started-at="2023-01-08T22:10:32 IST" name="CloseBrowser" finished-at="2023-01-08T22:10:32 IST" duration-ms="1" status="PASS">
          <params>
            <param index="0">
              <value>
                <![CDATA[[TestResult name=verifyLogo status=SUCCESS method=Test_1VerifyTitle.verifyLogo()[pri:2, instance:Flipkart.Flipkart.Test_1VerifyTitle@7205765b] output={null}]]]>
              </value>
            </param>
          </params>
          <reporter-output>
          </reporter-output>
        </test-method> <!-- CloseBrowser -->
      </class> <!-- Flipkart.Flipkart.Test_1VerifyTitle -->
    </test> <!-- Surefire test -->
  </suite> <!-- Surefire suite -->
</testng-results>
