<?xml version="1.0" encoding="UTF-8"?>
<!-- Generated by org.testng.reporters.JUnitXMLReporter -->
<testsuite ignored="22" hostname="IN-PG02NM6E" failures="2" tests="23" name="Test" time="227.785" errors="0" timestamp="2023-01-09T16:32:40 IST">
  <testcase classname="Flipkart.Flipkart.Test_3Searchitem" name="yzx" time="9.319"/>
  <testcase classname="Flipkart.Flipkart.Test_2HomeTest" name="Xyz" time="0.366"/>
  <testcase classname="Flipkart.Flipkart.Rest_TestCase" name="faqcase" time="2.572"/>
  <testcase classname="Flipkart.Flipkart.Test_10Footer" name="youtube" time="18.123"/>
  <testcase classname="Flipkart.Flipkart.Test_1VerifyTitle" name="verifyTitle" time="0.011"/>
  <testcase classname="Flipkart.Flipkart.Test_1VerifyTitle" name="verifyLogo" time="0.057"/>
  <testcase classname="Flipkart.Flipkart.Test_7Mobile" name="mob" time="2.406"/>
  <testcase classname="Flipkart.Flipkart.Test_8LeftRight" name="LRB" time="10.204"/>
  <testcase classname="Flipkart.Flipkart.Test_AllTestCases" name="first" time="5.286"/>
  <testcase classname="Flipkart.Flipkart.Test_AllTestCases" name="second" time="1.788"/>
  <testcase classname="Flipkart.Flipkart.Test_AllTestCases" name="Third" time="5.151"/>
  <testcase classname="Flipkart.Flipkart.Test_AllTestCases" name="fifth" time="2.29"/>
  <testcase classname="Flipkart.Flipkart.Test_Cart" name="addToCart" time="40.736"/>
  <testcase classname="Flipkart.Flipkart.Test_cases" name="cases" time="3.205">
    <failure type="org.openqa.selenium.ElementNotInteractableException" message="element not interactable
  (Session info: chrome=108.0.5359.125)
Build info: version: &amp;apos;4.4.0&amp;apos;, revision: &amp;apos;e5c75ed026a&amp;apos;
System info: host: &amp;apos;IN-PG02NM6E&amp;apos;, ip: &amp;apos;192.168.1.4&amp;apos;, os.name: &amp;apos;Windows 10&amp;apos;, os.arch: &amp;apos;amd64&amp;apos;, os.version: &amp;apos;10.0&amp;apos;, java.version: &amp;apos;11.0.5&amp;apos;
Driver info: org.openqa.selenium.chrome.ChromeDriver
Command: [7e41eb94880dd65c8143140c8df4cd1b, clickElement {id=95591f9e-8c90-41f0-b29e-36eb1f9b3d4c}]
Capabilities {acceptInsecureCerts: false, browserName: chrome, browserVersion: 108.0.5359.125, chrome: {chromedriverVersion: 108.0.5359.71 (1e0e3868ee06..., userDataDir: C:\Users\RISHAB~1\AppData\L...}, goog:chromeOptions: {debuggerAddress: localhost:51010}, networkConnectionEnabled: false, pageLoadStrategy: normal, platformName: WINDOWS, proxy: Proxy(), se:cdp: ws://localhost:51010/devtoo..., se:cdpVersion: 108.0.5359.125, setWindowRect: true, strictFileInteractability: false, timeouts: {implicit: 0, pageLoad: 300000, script: 30000}, unhandledPromptBehavior: dismiss and notify, webauthn:extension:credBlob: true, webauthn:extension:largeBlob: true, webauthn:virtualAuthenticators: true}
Element: [[ChromeDriver: chrome on WINDOWS (7e41eb94880dd65c8143140c8df4cd1b)] -&amp;gt; xpath: //*[@id=&amp;quot;container&amp;quot;]/div/footer/div/div[3]/div[1]/div[1]/a[7]]
Session ID: 7e41eb94880dd65c8143140c8df4cd1b">
      <![CDATA[org.openqa.selenium.ElementNotInteractableException: element not interactable
  (Session info: chrome=108.0.5359.125)
Build info: version: '4.4.0', revision: 'e5c75ed026a'
System info: host: 'IN-PG02NM6E', ip: '192.168.1.4', os.name: 'Windows 10', os.arch: 'amd64', os.version: '10.0', java.version: '11.0.5'
Driver info: org.openqa.selenium.chrome.ChromeDriver
Command: [7e41eb94880dd65c8143140c8df4cd1b, clickElement {id=95591f9e-8c90-41f0-b29e-36eb1f9b3d4c}]
Capabilities {acceptInsecureCerts: false, browserName: chrome, browserVersion: 108.0.5359.125, chrome: {chromedriverVersion: 108.0.5359.71 (1e0e3868ee06..., userDataDir: C:\Users\RISHAB~1\AppData\L...}, goog:chromeOptions: {debuggerAddress: localhost:51010}, networkConnectionEnabled: false, pageLoadStrategy: normal, platformName: WINDOWS, proxy: Proxy(), se:cdp: ws://localhost:51010/devtoo..., se:cdpVersion: 108.0.5359.125, setWindowRect: true, strictFileInteractability: false, timeouts: {implicit: 0, pageLoad: 300000, script: 30000}, unhandledPromptBehavior: dismiss and notify, webauthn:extension:credBlob: true, webauthn:extension:largeBlob: true, webauthn:virtualAuthenticators: true}
Element: [[ChromeDriver: chrome on WINDOWS (7e41eb94880dd65c8143140c8df4cd1b)] -> xpath: //*[@id="container"]/div/footer/div/div[3]/div[1]/div[1]/a[7]]
Session ID: 7e41eb94880dd65c8143140c8df4cd1b
at org.openqa.selenium.remote.codec.w3c.W3CHttpResponseCodec.createException(W3CHttpResponseCodec.java:200)
at org.openqa.selenium.remote.codec.w3c.W3CHttpResponseCodec.decode(W3CHttpResponseCodec.java:133)
at org.openqa.selenium.remote.codec.w3c.W3CHttpResponseCodec.decode(W3CHttpResponseCodec.java:53)
at org.openqa.selenium.remote.HttpCommandExecutor.execute(HttpCommandExecutor.java:184)
at org.openqa.selenium.remote.service.DriverCommandExecutor.invokeExecute(DriverCommandExecutor.java:167)
at org.openqa.selenium.remote.service.DriverCommandExecutor.execute(DriverCommandExecutor.java:142)
at org.openqa.selenium.remote.RemoteWebDriver.execute(RemoteWebDriver.java:547)
at org.openqa.selenium.remote.RemoteWebElement.execute(RemoteWebElement.java:257)
at org.openqa.selenium.remote.RemoteWebElement.click(RemoteWebElement.java:78)
at org.openqa.selenium.support.pagefactory.internal.LocatingElementHandler.invoke(LocatingElementHandler.java:52)
at com.sun.proxy.$Proxy19.click(Unknown Source)
at model.cases.corporatehit(cases.java:27)
at Flipkart.Flipkart.Test_cases.cases(Test_cases.java:35)
at java.base/java.util.ArrayList.forEach(ArrayList.java:1540)
... Removed 34 stack frames]]>
    </failure>
  </testcase> <!-- cases -->
  <testcase classname="Flipkart.Flipkart.Test_cases" name="verifyTitle" time="0.013"/>
  <testcase classname="Flipkart.Flipkart.Test_cases" name="verifyLogo" time="0.073"/>
  <testcase classname="Flipkart.Flipkart.TestHeader" name="HeaderTest" time="4.398"/>
  <testcase classname="Flipkart.Flipkart.TestHeader" name="electronic" time="12.352"/>
  <testcase classname="Flipkart.Flipkart.TestHeader" name="beauty" time="4.398"/>
  <testcase classname="Flipkart.Flipkart.TestHeader" name="offer" time="8.188"/>
  <testcase classname="Flipkart.Flipkart.TestHeader" name="BecameSeller" time="16.873"/>
  <testcase classname="Flipkart.Flipkart.TestHeader" name="TwoWhellers" time="4.448"/>
  <testcase classname="Flipkart.Flipkart.Test_6Grocery" name="Groc" time="3.015">
    <failure type="org.openqa.selenium.NoSuchElementException" message="no such element: Unable to locate element: {&amp;quot;method&amp;quot;:&amp;quot;xpath&amp;quot;,&amp;quot;selector&amp;quot;:&amp;quot;/html/body/div[2]/div/div/button&amp;quot;}
  (Session info: chrome=108.0.5359.125)
For documentation on this error, please visit: https://selenium.dev/exceptions/#no_such_element
Build info: version: &amp;apos;4.4.0&amp;apos;, revision: &amp;apos;e5c75ed026a&amp;apos;
System info: host: &amp;apos;IN-PG02NM6E&amp;apos;, ip: &amp;apos;192.168.1.4&amp;apos;, os.name: &amp;apos;Windows 10&amp;apos;, os.arch: &amp;apos;amd64&amp;apos;, os.version: &amp;apos;10.0&amp;apos;, java.version: &amp;apos;11.0.5&amp;apos;
Driver info: org.openqa.selenium.chrome.ChromeDriver
Command: [7e41eb94880dd65c8143140c8df4cd1b, findElement {using=xpath, value=/html/body/div[2]/div/div/button}]
Capabilities {acceptInsecureCerts: false, browserName: chrome, browserVersion: 108.0.5359.125, chrome: {chromedriverVersion: 108.0.5359.71 (1e0e3868ee06..., userDataDir: C:\Users\RISHAB~1\AppData\L...}, goog:chromeOptions: {debuggerAddress: localhost:51010}, networkConnectionEnabled: false, pageLoadStrategy: normal, platformName: WINDOWS, proxy: Proxy(), se:cdp: ws://localhost:51010/devtoo..., se:cdpVersion: 108.0.5359.125, setWindowRect: true, strictFileInteractability: false, timeouts: {implicit: 0, pageLoad: 300000, script: 30000}, unhandledPromptBehavior: dismiss and notify, webauthn:extension:credBlob: true, webauthn:extension:largeBlob: true, webauthn:virtualAuthenticators: true}
Session ID: 7e41eb94880dd65c8143140c8df4cd1b">
      <![CDATA[org.openqa.selenium.NoSuchElementException: no such element: Unable to locate element: {"method":"xpath","selector":"/html/body/div[2]/div/div/button"}
  (Session info: chrome=108.0.5359.125)
For documentation on this error, please visit: https://selenium.dev/exceptions/#no_such_element
Build info: version: '4.4.0', revision: 'e5c75ed026a'
System info: host: 'IN-PG02NM6E', ip: '192.168.1.4', os.name: 'Windows 10', os.arch: 'amd64', os.version: '10.0', java.version: '11.0.5'
Driver info: org.openqa.selenium.chrome.ChromeDriver
Command: [7e41eb94880dd65c8143140c8df4cd1b, findElement {using=xpath, value=/html/body/div[2]/div/div/button}]
Capabilities {acceptInsecureCerts: false, browserName: chrome, browserVersion: 108.0.5359.125, chrome: {chromedriverVersion: 108.0.5359.71 (1e0e3868ee06..., userDataDir: C:\Users\RISHAB~1\AppData\L...}, goog:chromeOptions: {debuggerAddress: localhost:51010}, networkConnectionEnabled: false, pageLoadStrategy: normal, platformName: WINDOWS, proxy: Proxy(), se:cdp: ws://localhost:51010/devtoo..., se:cdpVersion: 108.0.5359.125, setWindowRect: true, strictFileInteractability: false, timeouts: {implicit: 0, pageLoad: 300000, script: 30000}, unhandledPromptBehavior: dismiss and notify, webauthn:extension:credBlob: true, webauthn:extension:largeBlob: true, webauthn:virtualAuthenticators: true}
Session ID: 7e41eb94880dd65c8143140c8df4cd1b
at org.openqa.selenium.remote.codec.w3c.W3CHttpResponseCodec.createException(W3CHttpResponseCodec.java:200)
at org.openqa.selenium.remote.codec.w3c.W3CHttpResponseCodec.decode(W3CHttpResponseCodec.java:133)
at org.openqa.selenium.remote.codec.w3c.W3CHttpResponseCodec.decode(W3CHttpResponseCodec.java:53)
at org.openqa.selenium.remote.HttpCommandExecutor.execute(HttpCommandExecutor.java:184)
at org.openqa.selenium.remote.service.DriverCommandExecutor.invokeExecute(DriverCommandExecutor.java:167)
at org.openqa.selenium.remote.service.DriverCommandExecutor.execute(DriverCommandExecutor.java:142)
at org.openqa.selenium.remote.RemoteWebDriver.execute(RemoteWebDriver.java:547)
at org.openqa.selenium.remote.ElementLocation$ElementFinder$2.findElement(ElementLocation.java:162)
at org.openqa.selenium.remote.ElementLocation.findElement(ElementLocation.java:60)
at org.openqa.selenium.remote.RemoteWebDriver.findElement(RemoteWebDriver.java:365)
at org.openqa.selenium.remote.RemoteWebDriver.findElement(RemoteWebDriver.java:357)
at org.openqa.selenium.support.pagefactory.DefaultElementLocator.findElement(DefaultElementLocator.java:70)
at org.openqa.selenium.support.pagefactory.internal.LocatingElementHandler.invoke(LocatingElementHandler.java:39)
at com.sun.proxy.$Proxy19.click(Unknown Source)
at model.crossbutton.Cross(crossbutton.java:23)
at Flipkart.Flipkart.Test_6Grocery.Groc(Test_6Grocery.java:22)
at java.base/java.util.ArrayList.forEach(ArrayList.java:1540)
... Removed 31 stack frames]]>
    </failure>
  </testcase> <!-- Groc -->
  <testcase classname="Pages.BasePage" name="@BeforeSuite launchBrowser" time="0.0">
    <ignored/>
  </testcase> <!-- @BeforeSuite launchBrowser -->
  <testcase classname="Pages.BasePage" name="@BeforeSuite launchBrowser" time="0.0">
    <ignored/>
  </testcase> <!-- @BeforeSuite launchBrowser -->
  <testcase classname="Pages.BasePage" name="@BeforeSuite launchBrowser" time="0.0">
    <ignored/>
  </testcase> <!-- @BeforeSuite launchBrowser -->
  <testcase classname="Pages.BasePage" name="@BeforeSuite launchBrowser" time="0.0">
    <ignored/>
  </testcase> <!-- @BeforeSuite launchBrowser -->
  <testcase classname="Pages.BasePage" name="@BeforeSuite launchBrowser" time="0.0">
    <ignored/>
  </testcase> <!-- @BeforeSuite launchBrowser -->
  <testcase classname="Pages.BasePage" name="@BeforeSuite launchBrowser" time="0.0">
    <ignored/>
  </testcase> <!-- @BeforeSuite launchBrowser -->
  <testcase classname="Pages.BasePage" name="@BeforeSuite launchBrowser" time="0.0">
    <ignored/>
  </testcase> <!-- @BeforeSuite launchBrowser -->
  <testcase classname="Pages.BasePage" name="@BeforeSuite launchBrowser" time="0.0">
    <ignored/>
  </testcase> <!-- @BeforeSuite launchBrowser -->
  <testcase classname="Pages.BasePage" name="@BeforeSuite launchBrowser" time="0.0">
    <ignored/>
  </testcase> <!-- @BeforeSuite launchBrowser -->
  <testcase classname="Pages.BasePage" name="@BeforeSuite launchBrowser" time="0.0">
    <ignored/>
  </testcase> <!-- @BeforeSuite launchBrowser -->
  <testcase classname="Pages.BasePage" name="@BeforeSuite launchBrowser" time="0.0">
    <ignored/>
  </testcase> <!-- @BeforeSuite launchBrowser -->
  <testcase classname="Pages.BasePage" name="@AfterSuite Close" time="0.0">
    <ignored/>
  </testcase> <!-- @AfterSuite Close -->
  <testcase classname="Pages.BasePage" name="@AfterSuite Close" time="0.0">
    <ignored/>
  </testcase> <!-- @AfterSuite Close -->
  <testcase classname="Pages.BasePage" name="@AfterSuite Close" time="0.0">
    <ignored/>
  </testcase> <!-- @AfterSuite Close -->
  <testcase classname="Pages.BasePage" name="@AfterSuite Close" time="0.0">
    <ignored/>
  </testcase> <!-- @AfterSuite Close -->
  <testcase classname="Pages.BasePage" name="@AfterSuite Close" time="0.0">
    <ignored/>
  </testcase> <!-- @AfterSuite Close -->
  <testcase classname="Pages.BasePage" name="@AfterSuite Close" time="0.0">
    <ignored/>
  </testcase> <!-- @AfterSuite Close -->
  <testcase classname="Pages.BasePage" name="@AfterSuite Close" time="0.0">
    <ignored/>
  </testcase> <!-- @AfterSuite Close -->
  <testcase classname="Pages.BasePage" name="@AfterSuite Close" time="0.0">
    <ignored/>
  </testcase> <!-- @AfterSuite Close -->
  <testcase classname="Pages.BasePage" name="@AfterSuite Close" time="0.0">
    <ignored/>
  </testcase> <!-- @AfterSuite Close -->
  <testcase classname="Pages.BasePage" name="@AfterSuite Close" time="0.0">
    <ignored/>
  </testcase> <!-- @AfterSuite Close -->
  <testcase classname="Pages.BasePage" name="@AfterSuite Close" time="0.0">
    <ignored/>
  </testcase> <!-- @AfterSuite Close -->
</testsuite> <!-- Test -->
